[ 2016-03-05T00:13:29+08:00 ] 127.0.0.1 /xiangmu/MeiZu-SunShine/index.php/Home/Index/type
INFO: [ app_begin ] --START--
INFO: Run Behavior\ReadHtmlCacheBehavior [ RunTime:0.001130s ]
INFO: [ app_begin ] --END-- [ RunTime:0.002171s ]
SQL: DESCRIBE meizu_goods [ RunTime:0.007131s ]
SQL: SELECT * FROM `meizu_goods` WHERE `pid` = 1 AND `status` = 1  [ RunTime:0.000478s ]
INFO: [ app_end ] --START--
INFO: Run Behavior\ShowPageTraceBehavior [ RunTime:0.001067s ]
INFO: [ app_end ] --END-- [ RunTime:0.001115s ]

[ 2016-03-05T00:13:29+08:00 ] 127.0.0.1 /xiangmu/MeiZu-SunShine/index.php/Home/Index/type
INFO: [ app_begin ] --START--
INFO: Run Behavior\ReadHtmlCacheBehavior [ RunTime:0.001112s ]
INFO: [ app_begin ] --END-- [ RunTime:0.001621s ]
SQL: DESCRIBE meizu_goods [ RunTime:0.005589s ]
SQL: SELECT * FROM `meizu_goods` WHERE `pid` = 11 AND `status` = 1  [ RunTime:0.000435s ]
INFO: [ app_end ] --START--
INFO: Run Behavior\ShowPageTraceBehavior [ RunTime:0.001045s ]
INFO: [ app_end ] --END-- [ RunTime:0.001093s ]

[ 2016-03-05T00:13:29+08:00 ] 127.0.0.1 /xiangmu/MeiZu-SunShine/index.php/Home/Index/type
INFO: [ app_begin ] --START--
INFO: Run Behavior\ReadHtmlCacheBehavior [ RunTime:0.001295s ]
INFO: [ app_begin ] --END-- [ RunTime:0.001986s ]
SQL: DESCRIBE meizu_goods [ RunTime:0.006345s ]
SQL: SELECT * FROM `meizu_goods` WHERE `pid` = 17 AND `status` = 1  [ RunTime:0.000442s ]
INFO: [ app_end ] --START--
INFO: Run Behavior\ShowPageTraceBehavior [ RunTime:0.001199s ]
INFO: [ app_end ] --END-- [ RunTime:0.001259s ]

[ 2016-03-05T00:13:30+08:00 ] 127.0.0.1 /xiangmu/MeiZu-SunShine/index.php/Home/Index/type
INFO: [ app_begin ] --START--
INFO: Run Behavior\ReadHtmlCacheBehavior [ RunTime:0.001632s ]
INFO: [ app_begin ] --END-- [ RunTime:0.002306s ]
SQL: DESCRIBE meizu_goods [ RunTime:0.004682s ]
SQL: SELECT * FROM `meizu_goods` WHERE `pid` = 23 AND `status` = 1  [ RunTime:0.002541s ]
INFO: [ app_end ] --START--
INFO: Run Behavior\ShowPageTraceBehavior [ RunTime:0.001788s ]
INFO: [ app_end ] --END-- [ RunTime:0.001948s ]

[ 2016-03-05T00:13:31+08:00 ] 127.0.0.1 /xiangmu/MeiZu-SunShine/index.php/Home/Index/type
INFO: [ app_begin ] --START--
INFO: Run Behavior\ReadHtmlCacheBehavior [ RunTime:0.001044s ]
INFO: [ app_begin ] --END-- [ RunTime:0.001651s ]
SQL: DESCRIBE meizu_goods [ RunTime:0.006775s ]
SQL: SELECT * FROM `meizu_goods` WHERE `pid` = 17 AND `status` = 1  [ RunTime:0.000923s ]
INFO: [ app_end ] --START--
INFO: Run Behavior\ShowPageTraceBehavior [ RunTime:0.004772s ]
INFO: [ app_end ] --END-- [ RunTime:0.004909s ]

[ 2016-03-05T00:13:31+08:00 ] 127.0.0.1 /xiangmu/MeiZu-SunShine/index.php/Home/Index/type
INFO: [ app_begin ] --START--
INFO: Run Behavior\ReadHtmlCacheBehavior [ RunTime:0.001127s ]
INFO: [ app_begin ] --END-- [ RunTime:0.001900s ]
SQL: DESCRIBE meizu_goods [ RunTime:0.007597s ]
SQL: SELECT * FROM `meizu_goods` WHERE `pid` = 11 AND `status` = 1  [ RunTime:0.000572s ]
INFO: [ app_end ] --START--
INFO: Run Behavior\ShowPageTraceBehavior [ RunTime:0.001142s ]
INFO: [ app_end ] --END-- [ RunTime:0.001198s ]

[ 2016-03-05T00:13:31+08:00 ] 127.0.0.1 /xiangmu/MeiZu-SunShine/index.php/Home/Index/type
INFO: [ app_begin ] --START--
INFO: Run Behavior\ReadHtmlCacheBehavior [ RunTime:0.001176s ]
INFO: [ app_begin ] --END-- [ RunTime:0.001756s ]
SQL: DESCRIBE meizu_goods [ RunTime:0.005950s ]
SQL: SELECT * FROM `meizu_goods` WHERE `pid` = 1 AND `status` = 1  [ RunTime:0.000494s ]
INFO: [ app_end ] --START--
INFO: Run Behavior\ShowPageTraceBehavior [ RunTime:0.001530s ]
INFO: [ app_end ] --END-- [ RunTime:0.001598s ]

[ 2016-03-05T00:13:36+08:00 ] 127.0.0.1 /xiangmu/MeiZu-SunShine/index.php/Home/Index/type
INFO: [ app_begin ] --START--
INFO: Run Behavior\ReadHtmlCacheBehavior [ RunTime:0.001135s ]
INFO: [ app_begin ] --END-- [ RunTime:0.001795s ]
SQL: DESCRIBE meizu_goods [ RunTime:0.005716s ]
SQL: SELECT * FROM `meizu_goods` WHERE `pid` = 11 AND `status` = 1  [ RunTime:0.000636s ]
INFO: [ app_end ] --START--
INFO: Run Behavior\ShowPageTraceBehavior [ RunTime:0.001575s ]
INFO: [ app_end ] --END-- [ RunTime:0.001652s ]

[ 2016-03-05T00:13:36+08:00 ] 127.0.0.1 /xiangmu/MeiZu-SunShine/index.php/Home/Index/type
INFO: [ app_begin ] --START--
INFO: Run Behavior\ReadHtmlCacheBehavior [ RunTime:0.000946s ]
INFO: [ app_begin ] --END-- [ RunTime:0.001521s ]
SQL: DESCRIBE meizu_goods [ RunTime:0.004518s ]
SQL: SELECT * FROM `meizu_goods` WHERE `pid` = 1 AND `status` = 1  [ RunTime:0.001971s ]
INFO: [ app_end ] --START--
INFO: Run Behavior\ShowPageTraceBehavior [ RunTime:0.002164s ]
INFO: [ app_end ] --END-- [ RunTime:0.002281s ]

[ 2016-03-05T00:13:37+08:00 ] 127.0.0.1 /xiangmu/MeiZu-SunShine/index.php/Home/Index/type
INFO: [ app_begin ] --START--
INFO: Run Behavior\ReadHtmlCacheBehavior [ RunTime:0.000952s ]
INFO: [ app_begin ] --END-- [ RunTime:0.001473s ]
SQL: DESCRIBE meizu_goods [ RunTime:0.006545s ]
SQL: SELECT * FROM `meizu_goods` WHERE `pid` = 1 AND `status` = 1  [ RunTime:0.000532s ]
INFO: [ app_end ] --START--
INFO: Run Behavior\ShowPageTraceBehavior [ RunTime:0.001166s ]
INFO: [ app_end ] --END-- [ RunTime:0.001233s ]

[ 2016-03-05T00:13:48+08:00 ] 127.0.0.1 /xiangmu/MeiZu-SunShine/index.php/Home/Index/type
INFO: [ app_begin ] --START--
INFO: Run Behavior\ReadHtmlCacheBehavior [ RunTime:0.000928s ]
INFO: [ app_begin ] --END-- [ RunTime:0.001411s ]
SQL: DESCRIBE meizu_goods [ RunTime:0.004347s ]
SQL: SELECT * FROM `meizu_goods` WHERE `pid` = 1 AND `status` = 1  [ RunTime:0.000441s ]
INFO: [ app_end ] --START--
INFO: Run Behavior\ShowPageTraceBehavior [ RunTime:0.001092s ]
INFO: [ app_end ] --END-- [ RunTime:0.001159s ]

[ 2016-03-05T00:13:48+08:00 ] 127.0.0.1 /xiangmu/MeiZu-SunShine/index.php/Home/Index/type
INFO: [ app_begin ] --START--
INFO: Run Behavior\ReadHtmlCacheBehavior [ RunTime:0.001115s ]
INFO: [ app_begin ] --END-- [ RunTime:0.001694s ]
SQL: DESCRIBE meizu_goods [ RunTime:0.004572s ]
SQL: SELECT * FROM `meizu_goods` WHERE `pid` = 11 AND `status` = 1  [ RunTime:0.000483s ]
INFO: [ app_end ] --START--
INFO: Run Behavior\ShowPageTraceBehavior [ RunTime:0.001522s ]
INFO: [ app_end ] --END-- [ RunTime:0.001586s ]

[ 2016-03-05T00:13:49+08:00 ] 127.0.0.1 /xiangmu/MeiZu-SunShine/index.php/Home/Index/type
INFO: [ app_begin ] --START--
INFO: Run Behavior\ReadHtmlCacheBehavior [ RunTime:0.000988s ]
INFO: [ app_begin ] --END-- [ RunTime:0.001493s ]
SQL: DESCRIBE meizu_goods [ RunTime:0.003993s ]
SQL: SELECT * FROM `meizu_goods` WHERE `pid` = 17 AND `status` = 1  [ RunTime:0.000382s ]
INFO: [ app_end ] --START--
INFO: Run Behavior\ShowPageTraceBehavior [ RunTime:0.001074s ]
INFO: [ app_end ] --END-- [ RunTime:0.001116s ]

[ 2016-03-05T00:13:49+08:00 ] 127.0.0.1 /xiangmu/MeiZu-SunShine/index.php/Home/Index/type
INFO: [ app_begin ] --START--
INFO: Run Behavior\ReadHtmlCacheBehavior [ RunTime:0.000989s ]
INFO: [ app_begin ] --END-- [ RunTime:0.001487s ]
SQL: DESCRIBE meizu_goods [ RunTime:0.004748s ]
SQL: SELECT * FROM `meizu_goods` WHERE `pid` = 23 AND `status` = 1  [ RunTime:0.000372s ]
INFO: [ app_end ] --START--
INFO: Run Behavior\ShowPageTraceBehavior [ RunTime:0.001035s ]
INFO: [ app_end ] --END-- [ RunTime:0.001079s ]

[ 2016-03-05T00:13:49+08:00 ] 127.0.0.1 /xiangmu/MeiZu-SunShine/index.php/Home/Index/type
INFO: [ app_begin ] --START--
INFO: Run Behavior\ReadHtmlCacheBehavior [ RunTime:0.000911s ]
INFO: [ app_begin ] --END-- [ RunTime:0.001437s ]
SQL: DESCRIBE meizu_goods [ RunTime:0.004223s ]
SQL: SELECT * FROM `meizu_goods` WHERE `pid` = 27 AND `status` = 1  [ RunTime:0.000384s ]
INFO: [ app_end ] --START--
INFO: Run Behavior\ShowPageTraceBehavior [ RunTime:0.001036s ]
INFO: [ app_end ] --END-- [ RunTime:0.001078s ]

[ 2016-03-05T00:13:50+08:00 ] 127.0.0.1 /xiangmu/MeiZu-SunShine/index.php/Home/Index/type
INFO: [ app_begin ] --START--
INFO: Run Behavior\ReadHtmlCacheBehavior [ RunTime:0.001049s ]
INFO: [ app_begin ] --END-- [ RunTime:0.001715s ]
SQL: DESCRIBE meizu_goods [ RunTime:0.004310s ]
SQL: SELECT * FROM `meizu_goods` WHERE `pid` = 27 AND `status` = 1  [ RunTime:0.000387s ]
INFO: [ app_end ] --START--
INFO: Run Behavior\ShowPageTraceBehavior [ RunTime:0.001088s ]
INFO: [ app_end ] --END-- [ RunTime:0.001134s ]

[ 2016-03-05T00:14:36+08:00 ] 127.0.0.1 /xiangmu/MeiZu-SunShine/index.php/Home/Index/type
INFO: [ app_begin ] --START--
INFO: Run Behavior\ReadHtmlCacheBehavior [ RunTime:0.000949s ]
INFO: [ app_begin ] --END-- [ RunTime:0.001542s ]
SQL: DESCRIBE meizu_goods [ RunTime:0.004509s ]
SQL: SELECT * FROM `meizu_goods` WHERE `pid` = 1 AND `status` = 1  [ RunTime:0.000453s ]
INFO: [ app_end ] --START--
INFO: Run Behavior\ShowPageTraceBehavior [ RunTime:0.001027s ]
INFO: [ app_end ] --END-- [ RunTime:0.001071s ]

[ 2016-03-05T00:14:36+08:00 ] 127.0.0.1 /xiangmu/MeiZu-SunShine/index.php/Home/Index/type
INFO: [ app_begin ] --START--
INFO: Run Behavior\ReadHtmlCacheBehavior [ RunTime:0.001071s ]
INFO: [ app_begin ] --END-- [ RunTime:0.001595s ]
SQL: DESCRIBE meizu_goods [ RunTime:0.004258s ]
SQL: SELECT * FROM `meizu_goods` WHERE `pid` = 11 AND `status` = 1  [ RunTime:0.000405s ]
INFO: [ app_end ] --START--
INFO: Run Behavior\ShowPageTraceBehavior [ RunTime:0.001109s ]
INFO: [ app_end ] --END-- [ RunTime:0.001153s ]

[ 2016-03-05T00:14:36+08:00 ] 127.0.0.1 /xiangmu/MeiZu-SunShine/index.php/Home/Index/type
INFO: [ app_begin ] --START--
INFO: Run Behavior\ReadHtmlCacheBehavior [ RunTime:0.000926s ]
INFO: [ app_begin ] --END-- [ RunTime:0.001466s ]
SQL: DESCRIBE meizu_goods [ RunTime:0.004190s ]
SQL: SELECT * FROM `meizu_goods` WHERE `pid` = 17 AND `status` = 1  [ RunTime:0.000387s ]
INFO: [ app_end ] --START--
INFO: Run Behavior\ShowPageTraceBehavior [ RunTime:0.001032s ]
INFO: [ app_end ] --END-- [ RunTime:0.001073s ]

[ 2016-03-05T00:14:36+08:00 ] 127.0.0.1 /xiangmu/MeiZu-SunShine/index.php/Home/Index/type
INFO: [ app_begin ] --START--
INFO: Run Behavior\ReadHtmlCacheBehavior [ RunTime:0.001230s ]
INFO: [ app_begin ] --END-- [ RunTime:0.001930s ]
SQL: DESCRIBE meizu_goods [ RunTime:0.004167s ]
SQL: SELECT * FROM `meizu_goods` WHERE `pid` = 23 AND `status` = 1  [ RunTime:0.000360s ]
INFO: [ app_end ] --START--
INFO: Run Behavior\ShowPageTraceBehavior [ RunTime:0.001112s ]
INFO: [ app_end ] --END-- [ RunTime:0.001165s ]

[ 2016-03-05T00:14:36+08:00 ] 127.0.0.1 /xiangmu/MeiZu-SunShine/index.php/Home/Index/type
INFO: [ app_begin ] --START--
INFO: Run Behavior\ReadHtmlCacheBehavior [ RunTime:0.000950s ]
INFO: [ app_begin ] --END-- [ RunTime:0.001504s ]
SQL: DESCRIBE meizu_goods [ RunTime:0.004028s ]
SQL: SELECT * FROM `meizu_goods` WHERE `pid` = 27 AND `status` = 1  [ RunTime:0.000380s ]
INFO: [ app_end ] --START--
INFO: Run Behavior\ShowPageTraceBehavior [ RunTime:0.001077s ]
INFO: [ app_end ] --END-- [ RunTime:0.001121s ]

[ 2016-03-05T00:14:39+08:00 ] 127.0.0.1 /xiangmu/MeiZu-SunShine/index.php/Home/Index/type
INFO: [ app_begin ] --START--
INFO: Run Behavior\ReadHtmlCacheBehavior [ RunTime:0.001058s ]
INFO: [ app_begin ] --END-- [ RunTime:0.001627s ]
SQL: DESCRIBE meizu_goods [ RunTime:0.004082s ]
SQL: SELECT * FROM `meizu_goods` WHERE `pid` = 23 AND `status` = 1  [ RunTime:0.000380s ]
INFO: [ app_end ] --START--
INFO: Run Behavior\ShowPageTraceBehavior [ RunTime:0.001094s ]
INFO: [ app_end ] --END-- [ RunTime:0.001138s ]

[ 2016-03-05T00:14:40+08:00 ] 127.0.0.1 /xiangmu/MeiZu-SunShine/index.php/Home/Index/type
INFO: [ app_begin ] --START--
INFO: Run Behavior\ReadHtmlCacheBehavior [ RunTime:0.000912s ]
INFO: [ app_begin ] --END-- [ RunTime:0.001424s ]
SQL: DESCRIBE meizu_goods [ RunTime:0.004510s ]
SQL: SELECT * FROM `meizu_goods` WHERE `pid` = 17 AND `status` = 1  [ RunTime:0.000361s ]
INFO: [ app_end ] --START--
INFO: Run Behavior\ShowPageTraceBehavior [ RunTime:0.000987s ]
INFO: [ app_end ] --END-- [ RunTime:0.001027s ]

[ 2016-03-05T00:14:41+08:00 ] 127.0.0.1 /xiangmu/MeiZu-SunShine/index.php/Home/Index/type
INFO: [ app_begin ] --START--
INFO: Run Behavior\ReadHtmlCacheBehavior [ RunTime:0.000951s ]
INFO: [ app_begin ] --END-- [ RunTime:0.001469s ]
SQL: DESCRIBE meizu_goods [ RunTime:0.004194s ]
SQL: SELECT * FROM `meizu_goods` WHERE `pid` = 11 AND `status` = 1  [ RunTime:0.000491s ]
INFO: [ app_end ] --START--
INFO: Run Behavior\ShowPageTraceBehavior [ RunTime:0.001101s ]
INFO: [ app_end ] --END-- [ RunTime:0.001152s ]

[ 2016-03-05T00:14:42+08:00 ] 127.0.0.1 /xiangmu/MeiZu-SunShine/index.php/Home/Index/type
INFO: [ app_begin ] --START--
INFO: Run Behavior\ReadHtmlCacheBehavior [ RunTime:0.001338s ]
INFO: [ app_begin ] --END-- [ RunTime:0.002027s ]
SQL: DESCRIBE meizu_goods [ RunTime:0.004221s ]
SQL: SELECT * FROM `meizu_goods` WHERE `pid` = 1 AND `status` = 1  [ RunTime:0.000453s ]
INFO: [ app_end ] --START--
INFO: Run Behavior\ShowPageTraceBehavior [ RunTime:0.001513s ]
INFO: [ app_end ] --END-- [ RunTime:0.001584s ]

[ 2016-03-05T00:14:43+08:00 ] 127.0.0.1 /xiangmu/MeiZu-SunShine/index.php/Home/Index/type
INFO: [ app_begin ] --START--
INFO: Run Behavior\ReadHtmlCacheBehavior [ RunTime:0.001030s ]
INFO: [ app_begin ] --END-- [ RunTime:0.001603s ]
SQL: DESCRIBE meizu_goods [ RunTime:0.005087s ]
SQL: SELECT * FROM `meizu_goods` WHERE `pid` = 1 AND `status` = 1  [ RunTime:0.000473s ]
INFO: [ app_end ] --START--
INFO: Run Behavior\ShowPageTraceBehavior [ RunTime:0.001431s ]
INFO: [ app_end ] --END-- [ RunTime:0.001482s ]

[ 2016-03-05T00:14:43+08:00 ] 127.0.0.1 /xiangmu/MeiZu-SunShine/index.php/Home/Index/type
INFO: [ app_begin ] --START--
INFO: Run Behavior\ReadHtmlCacheBehavior [ RunTime:0.001156s ]
INFO: [ app_begin ] --END-- [ RunTime:0.002152s ]
SQL: DESCRIBE meizu_goods [ RunTime:0.004188s ]
SQL: SELECT * FROM `meizu_goods` WHERE `pid` = 11 AND `status` = 1  [ RunTime:0.000417s ]
INFO: [ app_end ] --START--
INFO: Run Behavior\ShowPageTraceBehavior [ RunTime:0.001055s ]
INFO: [ app_end ] --END-- [ RunTime:0.001100s ]

[ 2016-03-05T00:14:43+08:00 ] 127.0.0.1 /xiangmu/MeiZu-SunShine/index.php/Home/Index/type
INFO: [ app_begin ] --START--
INFO: Run Behavior\ReadHtmlCacheBehavior [ RunTime:0.001044s ]
INFO: [ app_begin ] --END-- [ RunTime:0.003183s ]
SQL: DESCRIBE meizu_goods [ RunTime:0.006097s ]
SQL: SELECT * FROM `meizu_goods` WHERE `pid` = 11 AND `status` = 1  [ RunTime:0.000443s ]
INFO: [ app_end ] --START--
INFO: Run Behavior\ShowPageTraceBehavior [ RunTime:0.000965s ]
INFO: [ app_end ] --END-- [ RunTime:0.001009s ]

[ 2016-03-05T00:14:44+08:00 ] 127.0.0.1 /xiangmu/MeiZu-SunShine/index.php/Home/Index/type
INFO: [ app_begin ] --START--
INFO: Run Behavior\ReadHtmlCacheBehavior [ RunTime:0.000996s ]
INFO: [ app_begin ] --END-- [ RunTime:0.001614s ]
SQL: DESCRIBE meizu_goods [ RunTime:0.004273s ]
SQL: SELECT * FROM `meizu_goods` WHERE `pid` = 1 AND `status` = 1  [ RunTime:0.000533s ]
INFO: [ app_end ] --START--
INFO: Run Behavior\ShowPageTraceBehavior [ RunTime:0.001076s ]
INFO: [ app_end ] --END-- [ RunTime:0.001121s ]

[ 2016-03-05T00:14:47+08:00 ] 127.0.0.1 /xiangmu/MeiZu-SunShine/index.php/Home/Index/type
INFO: [ app_begin ] --START--
INFO: Run Behavior\ReadHtmlCacheBehavior [ RunTime:0.001006s ]
INFO: [ app_begin ] --END-- [ RunTime:0.001487s ]
SQL: DESCRIBE meizu_goods [ RunTime:0.006076s ]
SQL: SELECT * FROM `meizu_goods` WHERE `pid` = 1 AND `status` = 1  [ RunTime:0.000783s ]
INFO: [ app_end ] --START--
INFO: Run Behavior\ShowPageTraceBehavior [ RunTime:0.001290s ]
INFO: [ app_end ] --END-- [ RunTime:0.001362s ]

[ 2016-03-05T00:16:20+08:00 ] 127.0.0.1 /xiangmu/MeiZu-SunShine/index.php/Home/Index/type
INFO: [ app_begin ] --START--
INFO: Run Behavior\ReadHtmlCacheBehavior [ RunTime:0.001119s ]
INFO: [ app_begin ] --END-- [ RunTime:0.001764s ]
SQL: DESCRIBE meizu_goods [ RunTime:0.009048s ]
SQL: SELECT * FROM `meizu_goods` WHERE `pid` = 1 AND `status` = 1  [ RunTime:0.000518s ]
INFO: [ app_end ] --START--
INFO: Run Behavior\ShowPageTraceBehavior [ RunTime:0.001553s ]
INFO: [ app_end ] --END-- [ RunTime:0.001631s ]

[ 2016-03-05T00:16:20+08:00 ] 127.0.0.1 /xiangmu/MeiZu-SunShine/index.php/Home/Index/type
INFO: [ app_begin ] --START--
INFO: Run Behavior\ReadHtmlCacheBehavior [ RunTime:0.001917s ]
INFO: [ app_begin ] --END-- [ RunTime:0.002993s ]
SQL: DESCRIBE meizu_goods [ RunTime:0.005595s ]
SQL: SELECT * FROM `meizu_goods` WHERE `pid` = 11 AND `status` = 1  [ RunTime:0.001965s ]
INFO: [ app_end ] --START--
INFO: Run Behavior\ShowPageTraceBehavior [ RunTime:0.003056s ]
INFO: [ app_end ] --END-- [ RunTime:0.003157s ]

[ 2016-03-05T00:16:22+08:00 ] 127.0.0.1 /xiangmu/MeiZu-SunShine/index.php/Home/Index/type
INFO: [ app_begin ] --START--
INFO: Run Behavior\ReadHtmlCacheBehavior [ RunTime:0.001270s ]
INFO: [ app_begin ] --END-- [ RunTime:0.002860s ]
SQL: DESCRIBE meizu_goods [ RunTime:0.007015s ]
SQL: SELECT * FROM `meizu_goods` WHERE `pid` = 23 AND `status` = 1  [ RunTime:0.000671s ]
INFO: [ app_end ] --START--
INFO: Run Behavior\ShowPageTraceBehavior [ RunTime:0.001613s ]
INFO: [ app_end ] --END-- [ RunTime:0.001703s ]

[ 2016-03-05T00:16:22+08:00 ] 127.0.0.1 /xiangmu/MeiZu-SunShine/index.php/Home/Index/type
INFO: [ app_begin ] --START--
INFO: Run Behavior\ReadHtmlCacheBehavior [ RunTime:0.002549s ]
INFO: [ app_begin ] --END-- [ RunTime:0.003837s ]
SQL: DESCRIBE meizu_goods [ RunTime:0.006908s ]
SQL: SELECT * FROM `meizu_goods` WHERE `pid` = 17 AND `status` = 1  [ RunTime:0.000628s ]
INFO: [ app_end ] --START--
INFO: Run Behavior\ShowPageTraceBehavior [ RunTime:0.001996s ]
INFO: [ app_end ] --END-- [ RunTime:0.002086s ]

[ 2016-03-05T00:16:22+08:00 ] 127.0.0.1 /xiangmu/MeiZu-SunShine/index.php/Home/Index/type
INFO: [ app_begin ] --START--
INFO: Run Behavior\ReadHtmlCacheBehavior [ RunTime:0.001484s ]
INFO: [ app_begin ] --END-- [ RunTime:0.002265s ]
SQL: DESCRIBE meizu_goods [ RunTime:0.005210s ]
SQL: SELECT * FROM `meizu_goods` WHERE `pid` = 11 AND `status` = 1  [ RunTime:0.000552s ]
INFO: [ app_end ] --START--
INFO: Run Behavior\ShowPageTraceBehavior [ RunTime:0.001595s ]
INFO: [ app_end ] --END-- [ RunTime:0.001685s ]

[ 2016-03-05T00:16:23+08:00 ] 127.0.0.1 /xiangmu/MeiZu-SunShine/index.php/Home/Index/type
INFO: [ app_begin ] --START--
INFO: Run Behavior\ReadHtmlCacheBehavior [ RunTime:0.001287s ]
INFO: [ app_begin ] --END-- [ RunTime:0.002114s ]
SQL: DESCRIBE meizu_goods [ RunTime:0.006274s ]
SQL: SELECT * FROM `meizu_goods` WHERE `pid` = 1 AND `status` = 1  [ RunTime:0.000987s ]
INFO: [ app_end ] --START--
INFO: Run Behavior\ShowPageTraceBehavior [ RunTime:0.002322s ]
INFO: [ app_end ] --END-- [ RunTime:0.002407s ]

[ 2016-03-05T00:17:24+08:00 ] 127.0.0.1 /xiangmu/MeiZu-SunShine/index.php/Home/Index/type
INFO: [ app_begin ] --START--
INFO: Run Behavior\ReadHtmlCacheBehavior [ RunTime:0.002416s ]
INFO: [ app_begin ] --END-- [ RunTime:0.004359s ]
SQL: DESCRIBE meizu_goods [ RunTime:0.005357s ]
SQL: SELECT * FROM `meizu_goods` WHERE `pid` = 1 AND `status` = 1  [ RunTime:0.000482s ]
INFO: [ app_end ] --START--
INFO: Run Behavior\ShowPageTraceBehavior [ RunTime:0.001115s ]
INFO: [ app_end ] --END-- [ RunTime:0.001170s ]

[ 2016-03-05T00:17:27+08:00 ] 127.0.0.1 /xiangmu/MeiZu-SunShine/index.php/Home/Index/type
INFO: [ app_begin ] --START--
INFO: Run Behavior\ReadHtmlCacheBehavior [ RunTime:0.000939s ]
INFO: [ app_begin ] --END-- [ RunTime:0.001455s ]
SQL: DESCRIBE meizu_goods [ RunTime:0.005480s ]
SQL: SELECT * FROM `meizu_goods` WHERE `pid` = 1 AND `status` = 1  [ RunTime:0.000530s ]
INFO: [ app_end ] --START--
INFO: Run Behavior\ShowPageTraceBehavior [ RunTime:0.001064s ]
INFO: [ app_end ] --END-- [ RunTime:0.001108s ]

[ 2016-03-05T00:17:27+08:00 ] 127.0.0.1 /xiangmu/MeiZu-SunShine/index.php/Home/Index/type
INFO: [ app_begin ] --START--
INFO: Run Behavior\ReadHtmlCacheBehavior [ RunTime:0.001602s ]
INFO: [ app_begin ] --END-- [ RunTime:0.002409s ]
SQL: DESCRIBE meizu_goods [ RunTime:0.006025s ]
SQL: SELECT * FROM `meizu_goods` WHERE `pid` = 11 AND `status` = 1  [ RunTime:0.000715s ]
INFO: [ app_end ] --START--
INFO: Run Behavior\ShowPageTraceBehavior [ RunTime:0.001438s ]
INFO: [ app_end ] --END-- [ RunTime:0.001515s ]

[ 2016-03-05T00:17:28+08:00 ] 127.0.0.1 /xiangmu/MeiZu-SunShine/index.php/Home/Index/type
INFO: [ app_begin ] --START--
INFO: Run Behavior\ReadHtmlCacheBehavior [ RunTime:0.001782s ]
INFO: [ app_begin ] --END-- [ RunTime:0.002567s ]
SQL: DESCRIBE meizu_goods [ RunTime:0.006120s ]
SQL: SELECT * FROM `meizu_goods` WHERE `pid` = 17 AND `status` = 1  [ RunTime:0.000592s ]
INFO: [ app_end ] --START--
INFO: Run Behavior\ShowPageTraceBehavior [ RunTime:0.001272s ]
INFO: [ app_end ] --END-- [ RunTime:0.001342s ]

[ 2016-03-05T00:17:28+08:00 ] 127.0.0.1 /xiangmu/MeiZu-SunShine/index.php/Home/Index/type
INFO: [ app_begin ] --START--
INFO: Run Behavior\ReadHtmlCacheBehavior [ RunTime:0.001378s ]
INFO: [ app_begin ] --END-- [ RunTime:0.002159s ]
SQL: DESCRIBE meizu_goods [ RunTime:0.005414s ]
SQL: SELECT * FROM `meizu_goods` WHERE `pid` = 23 AND `status` = 1  [ RunTime:0.000518s ]
INFO: [ app_end ] --START--
INFO: Run Behavior\ShowPageTraceBehavior [ RunTime:0.003033s ]
INFO: [ app_end ] --END-- [ RunTime:0.003121s ]

[ 2016-03-05T00:17:28+08:00 ] 127.0.0.1 /xiangmu/MeiZu-SunShine/index.php/Home/Index/type
INFO: [ app_begin ] --START--
INFO: Run Behavior\ReadHtmlCacheBehavior [ RunTime:0.001531s ]
INFO: [ app_begin ] --END-- [ RunTime:0.002353s ]
SQL: DESCRIBE meizu_goods [ RunTime:0.004582s ]
SQL: SELECT * FROM `meizu_goods` WHERE `pid` = 27 AND `status` = 1  [ RunTime:0.000479s ]
INFO: [ app_end ] --START--
INFO: Run Behavior\ShowPageTraceBehavior [ RunTime:0.001553s ]
INFO: [ app_end ] --END-- [ RunTime:0.001634s ]

[ 2016-03-05T00:17:39+08:00 ] 127.0.0.1 /xiangmu/MeiZu-SunShine/index.php/Home/Index/type
INFO: [ app_begin ] --START--
INFO: Run Behavior\ReadHtmlCacheBehavior [ RunTime:0.001438s ]
INFO: [ app_begin ] --END-- [ RunTime:0.002227s ]
SQL: DESCRIBE meizu_goods [ RunTime:0.006854s ]
SQL: SELECT * FROM `meizu_goods` WHERE `pid` = 27 AND `status` = 1  [ RunTime:0.000625s ]
INFO: [ app_end ] --START--
INFO: Run Behavior\ShowPageTraceBehavior [ RunTime:0.001635s ]
INFO: [ app_end ] --END-- [ RunTime:0.001726s ]

[ 2016-03-05T00:17:39+08:00 ] 127.0.0.1 /xiangmu/MeiZu-SunShine/index.php/Home/Index/type
INFO: [ app_begin ] --START--
INFO: Run Behavior\ReadHtmlCacheBehavior [ RunTime:0.001439s ]
INFO: [ app_begin ] --END-- [ RunTime:0.002244s ]
SQL: DESCRIBE meizu_goods [ RunTime:0.005176s ]
SQL: SELECT * FROM `meizu_goods` WHERE `pid` = 23 AND `status` = 1  [ RunTime:0.000446s ]
INFO: [ app_end ] --START--
INFO: Run Behavior\ShowPageTraceBehavior [ RunTime:0.001095s ]
INFO: [ app_end ] --END-- [ RunTime:0.001154s ]

[ 2016-03-05T00:17:48+08:00 ] 127.0.0.1 /xiangmu/MeiZu-SunShine/index.php/Home/Index/type
INFO: [ app_begin ] --START--
INFO: Run Behavior\ReadHtmlCacheBehavior [ RunTime:0.001362s ]
INFO: [ app_begin ] --END-- [ RunTime:0.002143s ]
SQL: DESCRIBE meizu_goods [ RunTime:0.004460s ]
SQL: SELECT * FROM `meizu_goods` WHERE `pid` = 1 AND `status` = 1  [ RunTime:0.000409s ]
INFO: [ app_end ] --START--
INFO: Run Behavior\ShowPageTraceBehavior [ RunTime:0.001264s ]
INFO: [ app_end ] --END-- [ RunTime:0.001337s ]

[ 2016-03-05T00:17:48+08:00 ] 127.0.0.1 /xiangmu/MeiZu-SunShine/index.php/Home/Index/type
INFO: [ app_begin ] --START--
INFO: Run Behavior\ReadHtmlCacheBehavior [ RunTime:0.001091s ]
INFO: [ app_begin ] --END-- [ RunTime:0.001660s ]
SQL: DESCRIBE meizu_goods [ RunTime:0.005565s ]
SQL: SELECT * FROM `meizu_goods` WHERE `pid` = 11 AND `status` = 1  [ RunTime:0.000605s ]
INFO: [ app_end ] --START--
INFO: Run Behavior\ShowPageTraceBehavior [ RunTime:0.001486s ]
INFO: [ app_end ] --END-- [ RunTime:0.001565s ]

[ 2016-03-05T00:17:48+08:00 ] 127.0.0.1 /xiangmu/MeiZu-SunShine/index.php/Home/Index/type
INFO: [ app_begin ] --START--
INFO: Run Behavior\ReadHtmlCacheBehavior [ RunTime:0.003146s ]
INFO: [ app_begin ] --END-- [ RunTime:0.003737s ]
SQL: DESCRIBE meizu_goods [ RunTime:0.005193s ]
SQL: SELECT * FROM `meizu_goods` WHERE `pid` = 17 AND `status` = 1  [ RunTime:0.000429s ]
INFO: [ app_end ] --START--
INFO: Run Behavior\ShowPageTraceBehavior [ RunTime:0.001068s ]
INFO: [ app_end ] --END-- [ RunTime:0.001117s ]

[ 2016-03-05T00:17:49+08:00 ] 127.0.0.1 /xiangmu/MeiZu-SunShine/index.php/Home/Index/type
INFO: [ app_begin ] --START--
INFO: Run Behavior\ReadHtmlCacheBehavior [ RunTime:0.000974s ]
INFO: [ app_begin ] --END-- [ RunTime:0.001703s ]
SQL: DESCRIBE meizu_goods [ RunTime:0.007210s ]
SQL: SELECT * FROM `meizu_goods` WHERE `pid` = 23 AND `status` = 1  [ RunTime:0.000434s ]
INFO: [ app_end ] --START--
INFO: Run Behavior\ShowPageTraceBehavior [ RunTime:0.001084s ]
INFO: [ app_end ] --END-- [ RunTime:0.001141s ]

[ 2016-03-05T00:17:49+08:00 ] 127.0.0.1 /xiangmu/MeiZu-SunShine/index.php/Home/Index/type
INFO: [ app_begin ] --START--
INFO: Run Behavior\ReadHtmlCacheBehavior [ RunTime:0.002569s ]
INFO: [ app_begin ] --END-- [ RunTime:0.003596s ]
SQL: DESCRIBE meizu_goods [ RunTime:0.009267s ]
SQL: SELECT * FROM `meizu_goods` WHERE `pid` = 23 AND `status` = 1  [ RunTime:0.000595s ]
INFO: [ app_end ] --START--
INFO: Run Behavior\ShowPageTraceBehavior [ RunTime:0.001655s ]
INFO: [ app_end ] --END-- [ RunTime:0.001751s ]

[ 2016-03-05T00:18:13+08:00 ] 127.0.0.1 /xiangmu/MeiZu-SunShine/index.php/Home/Index/type
INFO: [ app_begin ] --START--
INFO: Run Behavior\ReadHtmlCacheBehavior [ RunTime:0.001086s ]
INFO: [ app_begin ] --END-- [ RunTime:0.001834s ]
SQL: DESCRIBE meizu_goods [ RunTime:0.008721s ]
SQL: SELECT * FROM `meizu_goods` WHERE `pid` = 1 AND `status` = 1  [ RunTime:0.000534s ]
INFO: [ app_end ] --START--
INFO: Run Behavior\ShowPageTraceBehavior [ RunTime:0.001463s ]
INFO: [ app_end ] --END-- [ RunTime:0.001537s ]

[ 2016-03-05T00:18:13+08:00 ] 127.0.0.1 /xiangmu/MeiZu-SunShine/index.php/Home/Index/type
INFO: [ app_begin ] --START--
INFO: Run Behavior\ReadHtmlCacheBehavior [ RunTime:0.001275s ]
INFO: [ app_begin ] --END-- [ RunTime:0.002035s ]
SQL: DESCRIBE meizu_goods [ RunTime:0.006591s ]
SQL: SELECT * FROM `meizu_goods` WHERE `pid` = 11 AND `status` = 1  [ RunTime:0.000539s ]
INFO: [ app_end ] --START--
INFO: Run Behavior\ShowPageTraceBehavior [ RunTime:0.001246s ]
INFO: [ app_end ] --END-- [ RunTime:0.001304s ]

[ 2016-03-05T00:18:14+08:00 ] 127.0.0.1 /xiangmu/MeiZu-SunShine/index.php/Home/Index/type
INFO: [ app_begin ] --START--
INFO: Run Behavior\ReadHtmlCacheBehavior [ RunTime:0.000918s ]
INFO: [ app_begin ] --END-- [ RunTime:0.001463s ]
SQL: DESCRIBE meizu_goods [ RunTime:0.007834s ]
SQL: SELECT * FROM `meizu_goods` WHERE `pid` = 27 AND `status` = 1  [ RunTime:0.000834s ]
INFO: [ app_end ] --START--
INFO: Run Behavior\ShowPageTraceBehavior [ RunTime:0.001735s ]
INFO: [ app_end ] --END-- [ RunTime:0.001833s ]

[ 2016-03-05T00:18:53+08:00 ] 127.0.0.1 /xiangmu/MeiZu-SunShine/index.php/Home/Index/type
INFO: [ app_begin ] --START--
INFO: Run Behavior\ReadHtmlCacheBehavior [ RunTime:0.001439s ]
INFO: [ app_begin ] --END-- [ RunTime:0.002414s ]
SQL: DESCRIBE meizu_goods [ RunTime:0.009884s ]
SQL: SELECT * FROM `meizu_goods` WHERE `pid` = 1 AND `status` = 1  [ RunTime:0.000623s ]
INFO: [ app_end ] --START--
INFO: Run Behavior\ShowPageTraceBehavior [ RunTime:0.001749s ]
INFO: [ app_end ] --END-- [ RunTime:0.001825s ]

[ 2016-03-05T00:18:53+08:00 ] 127.0.0.1 /xiangmu/MeiZu-SunShine/index.php/Home/Index/type
INFO: [ app_begin ] --START--
INFO: Run Behavior\ReadHtmlCacheBehavior [ RunTime:0.001524s ]
INFO: [ app_begin ] --END-- [ RunTime:0.002314s ]
SQL: DESCRIBE meizu_goods [ RunTime:0.006353s ]
SQL: SELECT * FROM `meizu_goods` WHERE `pid` = 11 AND `status` = 1  [ RunTime:0.000662s ]
INFO: [ app_end ] --START--
INFO: Run Behavior\ShowPageTraceBehavior [ RunTime:0.001907s ]
INFO: [ app_end ] --END-- [ RunTime:0.002052s ]

[ 2016-03-05T00:18:54+08:00 ] 127.0.0.1 /xiangmu/MeiZu-SunShine/index.php/Home/Index/type
INFO: [ app_begin ] --START--
INFO: Run Behavior\ReadHtmlCacheBehavior [ RunTime:0.002168s ]
INFO: [ app_begin ] --END-- [ RunTime:0.003121s ]
SQL: DESCRIBE meizu_goods [ RunTime:0.009365s ]
SQL: SELECT * FROM `meizu_goods` WHERE `pid` = 23 AND `status` = 1  [ RunTime:0.000716s ]
INFO: [ app_end ] --START--
INFO: Run Behavior\ShowPageTraceBehavior [ RunTime:0.001749s ]
INFO: [ app_end ] --END-- [ RunTime:0.001893s ]

[ 2016-03-05T00:18:54+08:00 ] 127.0.0.1 /xiangmu/MeiZu-SunShine/index.php/Home/Index/type
INFO: [ app_begin ] --START--
INFO: Run Behavior\ReadHtmlCacheBehavior [ RunTime:0.002149s ]
INFO: [ app_begin ] --END-- [ RunTime:0.002994s ]
SQL: DESCRIBE meizu_goods [ RunTime:0.009676s ]
SQL: SELECT * FROM `meizu_goods` WHERE `pid` = 17 AND `status` = 1  [ RunTime:0.000689s ]
INFO: [ app_end ] --START--
INFO: Run Behavior\ShowPageTraceBehavior [ RunTime:0.001798s ]
INFO: [ app_end ] --END-- [ RunTime:0.001901s ]

[ 2016-03-05T00:18:54+08:00 ] 127.0.0.1 /xiangmu/MeiZu-SunShine/index.php/Home/Index/type
INFO: [ app_begin ] --START--
INFO: Run Behavior\ReadHtmlCacheBehavior [ RunTime:0.001508s ]
INFO: [ app_begin ] --END-- [ RunTime:0.002244s ]
SQL: DESCRIBE meizu_goods [ RunTime:0.008179s ]
SQL: SELECT * FROM `meizu_goods` WHERE `pid` = 1 AND `status` = 1  [ RunTime:0.000572s ]
INFO: [ app_end ] --START--
INFO: Run Behavior\ShowPageTraceBehavior [ RunTime:0.002428s ]
INFO: [ app_end ] --END-- [ RunTime:0.002561s ]

[ 2016-03-05T00:20:29+08:00 ] 127.0.0.1 /xiangmu/MeiZu-SunShine/index.php/Home/Index/type
INFO: [ app_begin ] --START--
INFO: Run Behavior\ReadHtmlCacheBehavior [ RunTime:0.000999s ]
INFO: [ app_begin ] --END-- [ RunTime:0.001615s ]
SQL: DESCRIBE meizu_goods [ RunTime:0.005240s ]
SQL: SELECT * FROM `meizu_goods` WHERE `pid` = 27 AND `status` = 1  [ RunTime:0.000438s ]
INFO: [ app_end ] --START--
INFO: Run Behavior\ShowPageTraceBehavior [ RunTime:0.001072s ]
INFO: [ app_end ] --END-- [ RunTime:0.001116s ]

[ 2016-03-05T00:20:30+08:00 ] 127.0.0.1 /xiangmu/MeiZu-SunShine/index.php/Home/Index/type
INFO: [ app_begin ] --START--
INFO: Run Behavior\ReadHtmlCacheBehavior [ RunTime:0.001510s ]
INFO: [ app_begin ] --END-- [ RunTime:0.002373s ]
SQL: DESCRIBE meizu_goods [ RunTime:0.007322s ]
SQL: SELECT * FROM `meizu_goods` WHERE `pid` = 27 AND `status` = 1  [ RunTime:0.000587s ]
INFO: [ app_end ] --START--
INFO: Run Behavior\ShowPageTraceBehavior [ RunTime:0.001647s ]
INFO: [ app_end ] --END-- [ RunTime:0.001753s ]

[ 2016-03-05T00:20:30+08:00 ] 127.0.0.1 /xiangmu/MeiZu-SunShine/index.php/Home/Index/type
INFO: [ app_begin ] --START--
INFO: Run Behavior\ReadHtmlCacheBehavior [ RunTime:0.001077s ]
INFO: [ app_begin ] --END-- [ RunTime:0.001686s ]
SQL: DESCRIBE meizu_goods [ RunTime:0.008714s ]
SQL: SELECT * FROM `meizu_goods` WHERE `pid` = 23 AND `status` = 1  [ RunTime:0.001872s ]
INFO: [ app_end ] --START--
INFO: Run Behavior\ShowPageTraceBehavior [ RunTime:0.001543s ]
INFO: [ app_end ] --END-- [ RunTime:0.001630s ]

[ 2016-03-05T00:20:30+08:00 ] 127.0.0.1 /xiangmu/MeiZu-SunShine/index.php/Home/Index/type
INFO: [ app_begin ] --START--
INFO: Run Behavior\ReadHtmlCacheBehavior [ RunTime:0.001479s ]
INFO: [ app_begin ] --END-- [ RunTime:0.002263s ]
SQL: DESCRIBE meizu_goods [ RunTime:0.010543s ]
SQL: SELECT * FROM `meizu_goods` WHERE `pid` = 17 AND `status` = 1  [ RunTime:0.000515s ]
INFO: [ app_end ] --START--
INFO: Run Behavior\ShowPageTraceBehavior [ RunTime:0.001658s ]
INFO: [ app_end ] --END-- [ RunTime:0.001742s ]

[ 2016-03-05T00:21:29+08:00 ] 127.0.0.1 /xiangmu/MeiZu-SunShine/index.php/Home/Index/type
INFO: [ app_begin ] --START--
INFO: Run Behavior\ReadHtmlCacheBehavior [ RunTime:0.001740s ]
INFO: [ app_begin ] --END-- [ RunTime:0.002404s ]
SQL: DESCRIBE meizu_goods [ RunTime:0.005889s ]
SQL: SELECT * FROM `meizu_goods` WHERE `pid` = 23 AND `status` = 1  [ RunTime:0.000400s ]
INFO: [ app_end ] --START--
INFO: Run Behavior\ShowPageTraceBehavior [ RunTime:0.001081s ]
INFO: [ app_end ] --END-- [ RunTime:0.001128s ]

[ 2016-03-05T00:21:34+08:00 ] 127.0.0.1 /xiangmu/MeiZu-SunShine/index.php/Home/Index/type
INFO: [ app_begin ] --START--
INFO: Run Behavior\ReadHtmlCacheBehavior [ RunTime:0.000915s ]
INFO: [ app_begin ] --END-- [ RunTime:0.001415s ]
SQL: DESCRIBE meizu_goods [ RunTime:0.006256s ]
SQL: SELECT * FROM `meizu_goods` WHERE `pid` = 11 AND `status` = 1  [ RunTime:0.000501s ]
INFO: [ app_end ] --START--
INFO: Run Behavior\ShowPageTraceBehavior [ RunTime:0.001148s ]
INFO: [ app_end ] --END-- [ RunTime:0.001195s ]

[ 2016-03-05T00:21:34+08:00 ] 127.0.0.1 /xiangmu/MeiZu-SunShine/index.php/Home/Index/type
INFO: [ app_begin ] --START--
INFO: Run Behavior\ReadHtmlCacheBehavior [ RunTime:0.001231s ]
INFO: [ app_begin ] --END-- [ RunTime:0.001952s ]
SQL: DESCRIBE meizu_goods [ RunTime:0.004858s ]
SQL: SELECT * FROM `meizu_goods` WHERE `pid` = 17 AND `status` = 1  [ RunTime:0.000462s ]
INFO: [ app_end ] --START--
INFO: Run Behavior\ShowPageTraceBehavior [ RunTime:0.001310s ]
INFO: [ app_end ] --END-- [ RunTime:0.001368s ]

[ 2016-03-05T00:21:34+08:00 ] 127.0.0.1 /xiangmu/MeiZu-SunShine/index.php/Home/Index/type
INFO: [ app_begin ] --START--
INFO: Run Behavior\ReadHtmlCacheBehavior [ RunTime:0.001056s ]
INFO: [ app_begin ] --END-- [ RunTime:0.003020s ]
SQL: DESCRIBE meizu_goods [ RunTime:0.005378s ]
SQL: SELECT * FROM `meizu_goods` WHERE `pid` = 23 AND `status` = 1  [ RunTime:0.000385s ]
INFO: [ app_end ] --START--
INFO: Run Behavior\ShowPageTraceBehavior [ RunTime:0.001087s ]
INFO: [ app_end ] --END-- [ RunTime:0.001134s ]

[ 2016-03-05T00:21:36+08:00 ] 127.0.0.1 /xiangmu/MeiZu-SunShine/index.php/Home/Index/type
INFO: [ app_begin ] --START--
INFO: Run Behavior\ReadHtmlCacheBehavior [ RunTime:0.001451s ]
INFO: [ app_begin ] --END-- [ RunTime:0.002272s ]
SQL: DESCRIBE meizu_goods [ RunTime:0.005713s ]
SQL: SELECT * FROM `meizu_goods` WHERE `pid` = 23 AND `status` = 1  [ RunTime:0.000665s ]
INFO: [ app_end ] --START--
INFO: Run Behavior\ShowPageTraceBehavior [ RunTime:0.001388s ]
INFO: [ app_end ] --END-- [ RunTime:0.001459s ]

[ 2016-03-05T00:21:36+08:00 ] 127.0.0.1 /xiangmu/MeiZu-SunShine/index.php/Home/Index/type
INFO: [ app_begin ] --START--
INFO: Run Behavior\ReadHtmlCacheBehavior [ RunTime:0.001429s ]
INFO: [ app_begin ] --END-- [ RunTime:0.002282s ]
SQL: DESCRIBE meizu_goods [ RunTime:0.007016s ]
SQL: SELECT * FROM `meizu_goods` WHERE `pid` = 17 AND `status` = 1  [ RunTime:0.000646s ]
INFO: [ app_end ] --START--
INFO: Run Behavior\ShowPageTraceBehavior [ RunTime:0.001631s ]
INFO: [ app_end ] --END-- [ RunTime:0.001746s ]

[ 2016-03-05T00:21:36+08:00 ] 127.0.0.1 /xiangmu/MeiZu-SunShine/index.php/Home/Index/type
INFO: [ app_begin ] --START--
INFO: Run Behavior\ReadHtmlCacheBehavior [ RunTime:0.001137s ]
INFO: [ app_begin ] --END-- [ RunTime:0.001709s ]
SQL: DESCRIBE meizu_goods [ RunTime:0.004466s ]
SQL: SELECT * FROM `meizu_goods` WHERE `pid` = 11 AND `status` = 1  [ RunTime:0.000408s ]
INFO: [ app_end ] --START--
INFO: Run Behavior\ShowPageTraceBehavior [ RunTime:0.001333s ]
INFO: [ app_end ] --END-- [ RunTime:0.001414s ]

[ 2016-03-05T00:23:11+08:00 ] 127.0.0.1 /xiangmu/MeiZu-SunShine/index.php/Home/Index/type
INFO: [ app_begin ] --START--
INFO: Run Behavior\ReadHtmlCacheBehavior [ RunTime:0.000920s ]
INFO: [ app_begin ] --END-- [ RunTime:0.001409s ]
SQL: DESCRIBE meizu_goods [ RunTime:0.004956s ]
SQL: SELECT * FROM `meizu_goods` WHERE `pid` = 27 AND `status` = 1  [ RunTime:0.000444s ]
INFO: [ app_end ] --START--
INFO: Run Behavior\ShowPageTraceBehavior [ RunTime:0.001145s ]
INFO: [ app_end ] --END-- [ RunTime:0.001200s ]

[ 2016-03-05T00:23:15+08:00 ] 127.0.0.1 /xiangmu/MeiZu-SunShine/index.php/Home/Index/type
INFO: [ app_begin ] --START--
INFO: Run Behavior\ReadHtmlCacheBehavior [ RunTime:0.001481s ]
INFO: [ app_begin ] --END-- [ RunTime:0.002256s ]
SQL: DESCRIBE meizu_goods [ RunTime:0.005871s ]
SQL: SELECT * FROM `meizu_goods` WHERE `pid` = 17 AND `status` = 1  [ RunTime:0.000480s ]
INFO: [ app_end ] --START--
INFO: Run Behavior\ShowPageTraceBehavior [ RunTime:0.001610s ]
INFO: [ app_end ] --END-- [ RunTime:0.001695s ]

[ 2016-03-05T00:23:16+08:00 ] 127.0.0.1 /xiangmu/MeiZu-SunShine/index.php/Home/Index/type
INFO: [ app_begin ] --START--
INFO: Run Behavior\ReadHtmlCacheBehavior [ RunTime:0.001674s ]
INFO: [ app_begin ] --END-- [ RunTime:0.002783s ]
SQL: DESCRIBE meizu_goods [ RunTime:0.007065s ]
SQL: SELECT * FROM `meizu_goods` WHERE `pid` = 27 AND `status` = 1  [ RunTime:0.000629s ]
INFO: [ app_end ] --START--
INFO: Run Behavior\ShowPageTraceBehavior [ RunTime:0.001651s ]
INFO: [ app_end ] --END-- [ RunTime:0.001738s ]

[ 2016-03-05T00:23:16+08:00 ] 127.0.0.1 /xiangmu/MeiZu-SunShine/index.php/Home/Index/type
INFO: [ app_begin ] --START--
INFO: Run Behavior\ReadHtmlCacheBehavior [ RunTime:0.001455s ]
INFO: [ app_begin ] --END-- [ RunTime:0.002253s ]
SQL: DESCRIBE meizu_goods [ RunTime:0.007553s ]
SQL: SELECT * FROM `meizu_goods` WHERE `pid` = 23 AND `status` = 1  [ RunTime:0.000551s ]
INFO: [ app_end ] --START--
INFO: Run Behavior\ShowPageTraceBehavior [ RunTime:0.001608s ]
INFO: [ app_end ] --END-- [ RunTime:0.001691s ]

[ 2016-03-05T00:23:28+08:00 ] 127.0.0.1 /xiangmu/MeiZu-SunShine/index.php/Home/Index/type
INFO: [ app_begin ] --START--
INFO: Run Behavior\ReadHtmlCacheBehavior [ RunTime:0.001443s ]
INFO: [ app_begin ] --END-- [ RunTime:0.002385s ]
SQL: DESCRIBE meizu_goods [ RunTime:0.007534s ]
SQL: SELECT * FROM `meizu_goods` WHERE `pid` = 17 AND `status` = 1  [ RunTime:0.001079s ]
INFO: [ app_end ] --START--
INFO: Run Behavior\ShowPageTraceBehavior [ RunTime:0.001783s ]
INFO: [ app_end ] --END-- [ RunTime:0.001858s ]

[ 2016-03-05T00:23:28+08:00 ] 127.0.0.1 /xiangmu/MeiZu-SunShine/index.php/Home/Index/type
INFO: [ app_begin ] --START--
INFO: Run Behavior\ReadHtmlCacheBehavior [ RunTime:0.001433s ]
INFO: [ app_begin ] --END-- [ RunTime:0.002212s ]
SQL: DESCRIBE meizu_goods [ RunTime:0.005365s ]
SQL: SELECT * FROM `meizu_goods` WHERE `pid` = 23 AND `status` = 1  [ RunTime:0.000380s ]
INFO: [ app_end ] --START--
INFO: Run Behavior\ShowPageTraceBehavior [ RunTime:0.001242s ]
INFO: [ app_end ] --END-- [ RunTime:0.001312s ]

[ 2016-03-05T00:23:28+08:00 ] 127.0.0.1 /xiangmu/MeiZu-SunShine/index.php/Home/Index/type
INFO: [ app_begin ] --START--
INFO: Run Behavior\ReadHtmlCacheBehavior [ RunTime:0.000869s ]
INFO: [ app_begin ] --END-- [ RunTime:0.001368s ]
SQL: DESCRIBE meizu_goods [ RunTime:0.006659s ]
SQL: SELECT * FROM `meizu_goods` WHERE `pid` = 27 AND `status` = 1  [ RunTime:0.000459s ]
INFO: [ app_end ] --START--
INFO: Run Behavior\ShowPageTraceBehavior [ RunTime:0.001085s ]
INFO: [ app_end ] --END-- [ RunTime:0.001136s ]

[ 2016-03-05T00:23:40+08:00 ] 127.0.0.1 /xiangmu/MeiZu-SunShine/index.php/Home/Index/type
INFO: [ app_begin ] --START--
INFO: Run Behavior\ReadHtmlCacheBehavior [ RunTime:0.001053s ]
INFO: [ app_begin ] --END-- [ RunTime:0.001646s ]
SQL: DESCRIBE meizu_goods [ RunTime:0.006072s ]
SQL: SELECT * FROM `meizu_goods` WHERE `pid` = 17 AND `status` = 1  [ RunTime:0.000605s ]
INFO: [ app_end ] --START--
INFO: Run Behavior\ShowPageTraceBehavior [ RunTime:0.001488s ]
INFO: [ app_end ] --END-- [ RunTime:0.001563s ]

[ 2016-03-05T00:23:40+08:00 ] 127.0.0.1 /xiangmu/MeiZu-SunShine/index.php/Home/Index/type
INFO: [ app_begin ] --START--
INFO: Run Behavior\ReadHtmlCacheBehavior [ RunTime:0.001349s ]
INFO: [ app_begin ] --END-- [ RunTime:0.002113s ]
SQL: DESCRIBE meizu_goods [ RunTime:0.005724s ]
SQL: SELECT * FROM `meizu_goods` WHERE `pid` = 23 AND `status` = 1  [ RunTime:0.000360s ]
INFO: [ app_end ] --START--
INFO: Run Behavior\ShowPageTraceBehavior [ RunTime:0.001087s ]
INFO: [ app_end ] --END-- [ RunTime:0.001135s ]

[ 2016-03-05T00:23:41+08:00 ] 127.0.0.1 /xiangmu/MeiZu-SunShine/index.php/Home/Index/type
INFO: [ app_begin ] --START--
INFO: Run Behavior\ReadHtmlCacheBehavior [ RunTime:0.001397s ]
INFO: [ app_begin ] --END-- [ RunTime:0.002251s ]
SQL: DESCRIBE meizu_goods [ RunTime:0.004809s ]
SQL: SELECT * FROM `meizu_goods` WHERE `pid` = 27 AND `status` = 1  [ RunTime:0.001428s ]
INFO: [ app_end ] --START--
INFO: Run Behavior\ShowPageTraceBehavior [ RunTime:0.001387s ]
INFO: [ app_end ] --END-- [ RunTime:0.001462s ]

[ 2016-03-05T00:23:42+08:00 ] 127.0.0.1 /xiangmu/MeiZu-SunShine/index.php/Home/Index/type
INFO: [ app_begin ] --START--
INFO: Run Behavior\ReadHtmlCacheBehavior [ RunTime:0.001011s ]
INFO: [ app_begin ] --END-- [ RunTime:0.001642s ]
SQL: DESCRIBE meizu_goods [ RunTime:0.006438s ]
SQL: SELECT * FROM `meizu_goods` WHERE `pid` = 17 AND `status` = 1  [ RunTime:0.000637s ]
INFO: [ app_end ] --START--
INFO: Run Behavior\ShowPageTraceBehavior [ RunTime:0.001696s ]
INFO: [ app_end ] --END-- [ RunTime:0.001808s ]

[ 2016-03-05T00:23:42+08:00 ] 127.0.0.1 /xiangmu/MeiZu-SunShine/index.php/Home/Index/type
INFO: [ app_begin ] --START--
INFO: Run Behavior\ReadHtmlCacheBehavior [ RunTime:0.001394s ]
INFO: [ app_begin ] --END-- [ RunTime:0.002082s ]
SQL: DESCRIBE meizu_goods [ RunTime:0.005710s ]
SQL: SELECT * FROM `meizu_goods` WHERE `pid` = 11 AND `status` = 1  [ RunTime:0.000411s ]
INFO: [ app_end ] --START--
INFO: Run Behavior\ShowPageTraceBehavior [ RunTime:0.001104s ]
INFO: [ app_end ] --END-- [ RunTime:0.001156s ]

[ 2016-03-05T00:24:15+08:00 ] 127.0.0.1 /xiangmu/MeiZu-SunShine/index.php/Home/Index/type
INFO: [ app_begin ] --START--
INFO: Run Behavior\ReadHtmlCacheBehavior [ RunTime:0.001540s ]
INFO: [ app_begin ] --END-- [ RunTime:0.002089s ]
SQL: DESCRIBE meizu_goods [ RunTime:0.010263s ]
SQL: SELECT * FROM `meizu_goods` WHERE `pid` = 17 AND `status` = 1  [ RunTime:0.001940s ]
INFO: [ app_end ] --START--
INFO: Run Behavior\ShowPageTraceBehavior [ RunTime:0.001690s ]
INFO: [ app_end ] --END-- [ RunTime:0.001783s ]

[ 2016-03-05T00:24:16+08:00 ] 127.0.0.1 /xiangmu/MeiZu-SunShine/index.php/Home/Index/type
INFO: [ app_begin ] --START--
INFO: Run Behavior\ReadHtmlCacheBehavior [ RunTime:0.001098s ]
INFO: [ app_begin ] --END-- [ RunTime:0.002084s ]
SQL: DESCRIBE meizu_goods [ RunTime:0.009153s ]
SQL: SELECT * FROM `meizu_goods` WHERE `pid` = 23 AND `status` = 1  [ RunTime:0.000530s ]
INFO: [ app_end ] --START--
INFO: Run Behavior\ShowPageTraceBehavior [ RunTime:0.001098s ]
INFO: [ app_end ] --END-- [ RunTime:0.001162s ]

[ 2016-03-05T00:24:57+08:00 ] 127.0.0.1 /xiangmu/MeiZu-SunShine/index.php/Home/Index/type
INFO: [ app_begin ] --START--
INFO: Run Behavior\ReadHtmlCacheBehavior [ RunTime:0.001575s ]
INFO: [ app_begin ] --END-- [ RunTime:0.002574s ]
SQL: DESCRIBE meizu_goods [ RunTime:0.007522s ]
SQL: SELECT * FROM `meizu_goods` WHERE `pid` = 17 AND `status` = 1  [ RunTime:0.000780s ]
INFO: [ app_end ] --START--
INFO: Run Behavior\ShowPageTraceBehavior [ RunTime:0.003697s ]
INFO: [ app_end ] --END-- [ RunTime:0.003783s ]

[ 2016-03-05T00:24:57+08:00 ] 127.0.0.1 /xiangmu/MeiZu-SunShine/index.php/Home/Index/type
INFO: [ app_begin ] --START--
INFO: Run Behavior\ReadHtmlCacheBehavior [ RunTime:0.001331s ]
INFO: [ app_begin ] --END-- [ RunTime:0.002105s ]
SQL: DESCRIBE meizu_goods [ RunTime:0.006691s ]
SQL: SELECT * FROM `meizu_goods` WHERE `pid` = 11 AND `status` = 1  [ RunTime:0.000608s ]
INFO: [ app_end ] --START--
INFO: Run Behavior\ShowPageTraceBehavior [ RunTime:0.002229s ]
INFO: [ app_end ] --END-- [ RunTime:0.002340s ]

[ 2016-03-05T00:24:57+08:00 ] 127.0.0.1 /xiangmu/MeiZu-SunShine/index.php/Home/Index/type
INFO: [ app_begin ] --START--
INFO: Run Behavior\ReadHtmlCacheBehavior [ RunTime:0.001414s ]
INFO: [ app_begin ] --END-- [ RunTime:0.002107s ]
SQL: DESCRIBE meizu_goods [ RunTime:0.004962s ]
SQL: SELECT * FROM `meizu_goods` WHERE `pid` = 1 AND `status` = 1  [ RunTime:0.000520s ]
INFO: [ app_end ] --START--
INFO: Run Behavior\ShowPageTraceBehavior [ RunTime:0.001642s ]
INFO: [ app_end ] --END-- [ RunTime:0.001725s ]

[ 2016-03-05T00:28:11+08:00 ] 127.0.0.1 /xiangmu/MeiZu-SunShine/index.php/Home/Index/type
INFO: [ app_begin ] --START--
INFO: Run Behavior\ReadHtmlCacheBehavior [ RunTime:0.000986s ]
INFO: [ app_begin ] --END-- [ RunTime:0.001651s ]
SQL: DESCRIBE meizu_goods [ RunTime:0.005920s ]
SQL: SELECT * FROM `meizu_goods` WHERE `pid` = 23 AND `status` = 1  [ RunTime:0.000473s ]
INFO: [ app_end ] --START--
INFO: Run Behavior\ShowPageTraceBehavior [ RunTime:0.001419s ]
INFO: [ app_end ] --END-- [ RunTime:0.001525s ]

[ 2016-03-05T00:28:11+08:00 ] 127.0.0.1 /xiangmu/MeiZu-SunShine/index.php/Home/Index/type
INFO: [ app_begin ] --START--
INFO: Run Behavior\ReadHtmlCacheBehavior [ RunTime:0.001276s ]
INFO: [ app_begin ] --END-- [ RunTime:0.001831s ]
SQL: DESCRIBE meizu_goods [ RunTime:0.004335s ]
SQL: SELECT * FROM `meizu_goods` WHERE `pid` = 27 AND `status` = 1  [ RunTime:0.000426s ]
INFO: [ app_end ] --START--
INFO: Run Behavior\ShowPageTraceBehavior [ RunTime:0.001198s ]
INFO: [ app_end ] --END-- [ RunTime:0.001255s ]

[ 2016-03-05T00:28:11+08:00 ] 127.0.0.1 /xiangmu/MeiZu-SunShine/index.php/Home/Index/type
INFO: [ app_begin ] --START--
INFO: Run Behavior\ReadHtmlCacheBehavior [ RunTime:0.000986s ]
INFO: [ app_begin ] --END-- [ RunTime:0.001596s ]
SQL: DESCRIBE meizu_goods [ RunTime:0.006309s ]
SQL: SELECT * FROM `meizu_goods` WHERE `pid` = 33 AND `status` = 1  [ RunTime:0.000460s ]
INFO: [ app_end ] --START--
INFO: Run Behavior\ShowPageTraceBehavior [ RunTime:0.001029s ]
INFO: [ app_end ] --END-- [ RunTime:0.001072s ]

[ 2016-03-05T00:28:12+08:00 ] 127.0.0.1 /xiangmu/MeiZu-SunShine/index.php/Home/Index/type
INFO: [ app_begin ] --START--
INFO: Run Behavior\ReadHtmlCacheBehavior [ RunTime:0.001193s ]
INFO: [ app_begin ] --END-- [ RunTime:0.001862s ]
SQL: DESCRIBE meizu_goods [ RunTime:0.004744s ]
SQL: SELECT * FROM `meizu_goods` WHERE `pid` = 39 AND `status` = 1  [ RunTime:0.000386s ]
INFO: [ app_end ] --START--
INFO: Run Behavior\ShowPageTraceBehavior [ RunTime:0.001078s ]
INFO: [ app_end ] --END-- [ RunTime:0.001120s ]

[ 2016-03-05T00:28:12+08:00 ] 127.0.0.1 /xiangmu/MeiZu-SunShine/index.php/Home/Index/type
INFO: [ app_begin ] --START--
INFO: Run Behavior\ReadHtmlCacheBehavior [ RunTime:0.001280s ]
INFO: [ app_begin ] --END-- [ RunTime:0.001982s ]
SQL: DESCRIBE meizu_goods [ RunTime:0.006121s ]
SQL: SELECT * FROM `meizu_goods` WHERE `pid` = 39 AND `status` = 1  [ RunTime:0.000432s ]
INFO: [ app_end ] --START--
INFO: Run Behavior\ShowPageTraceBehavior [ RunTime:0.000995s ]
INFO: [ app_end ] --END-- [ RunTime:0.001042s ]

[ 2016-03-05T00:28:12+08:00 ] 127.0.0.1 /xiangmu/MeiZu-SunShine/index.php/Home/Index/type
INFO: [ app_begin ] --START--
INFO: Run Behavior\ReadHtmlCacheBehavior [ RunTime:0.001424s ]
INFO: [ app_begin ] --END-- [ RunTime:0.002382s ]
SQL: DESCRIBE meizu_goods [ RunTime:0.005489s ]
SQL: SELECT * FROM `meizu_goods` WHERE `pid` = 33 AND `status` = 1  [ RunTime:0.000391s ]
INFO: [ app_end ] --START--
INFO: Run Behavior\ShowPageTraceBehavior [ RunTime:0.001048s ]
INFO: [ app_end ] --END-- [ RunTime:0.001092s ]

[ 2016-03-05T00:28:12+08:00 ] 127.0.0.1 /xiangmu/MeiZu-SunShine/index.php/Home/Index/type
INFO: [ app_begin ] --START--
INFO: Run Behavior\ReadHtmlCacheBehavior [ RunTime:0.000977s ]
INFO: [ app_begin ] --END-- [ RunTime:0.001715s ]
SQL: DESCRIBE meizu_goods [ RunTime:0.006636s ]
SQL: SELECT * FROM `meizu_goods` WHERE `pid` = 27 AND `status` = 1  [ RunTime:0.000452s ]
INFO: [ app_end ] --START--
INFO: Run Behavior\ShowPageTraceBehavior [ RunTime:0.000796s ]
INFO: [ app_end ] --END-- [ RunTime:0.000842s ]

[ 2016-03-05T00:28:12+08:00 ] 127.0.0.1 /xiangmu/MeiZu-SunShine/index.php/Home/Index/type
INFO: [ app_begin ] --START--
INFO: Run Behavior\ReadHtmlCacheBehavior [ RunTime:0.000873s ]
INFO: [ app_begin ] --END-- [ RunTime:0.001418s ]
SQL: DESCRIBE meizu_goods [ RunTime:0.004300s ]
SQL: SELECT * FROM `meizu_goods` WHERE `pid` = 23 AND `status` = 1  [ RunTime:0.000327s ]
INFO: [ app_end ] --START--
INFO: Run Behavior\ShowPageTraceBehavior [ RunTime:0.001038s ]
INFO: [ app_end ] --END-- [ RunTime:0.001084s ]

[ 2016-03-05T00:28:14+08:00 ] 127.0.0.1 /xiangmu/MeiZu-SunShine/index.php/Home/Index/type
INFO: [ app_begin ] --START--
INFO: Run Behavior\ReadHtmlCacheBehavior [ RunTime:0.001791s ]
INFO: [ app_begin ] --END-- [ RunTime:0.004169s ]
SQL: DESCRIBE meizu_goods [ RunTime:0.006847s ]
SQL: SELECT * FROM `meizu_goods` WHERE `pid` = 27 AND `status` = 1  [ RunTime:0.000638s ]
INFO: [ app_end ] --START--
INFO: Run Behavior\ShowPageTraceBehavior [ RunTime:0.001099s ]
INFO: [ app_end ] --END-- [ RunTime:0.001180s ]

[ 2016-03-05T00:28:15+08:00 ] 127.0.0.1 /xiangmu/MeiZu-SunShine/index.php/Home/Index/type
INFO: [ app_begin ] --START--
INFO: Run Behavior\ReadHtmlCacheBehavior [ RunTime:0.000991s ]
INFO: [ app_begin ] --END-- [ RunTime:0.001598s ]
SQL: DESCRIBE meizu_goods [ RunTime:0.006314s ]
SQL: SELECT * FROM `meizu_goods` WHERE `pid` = 27 AND `status` = 1  [ RunTime:0.000573s ]
INFO: [ app_end ] --START--
INFO: Run Behavior\ShowPageTraceBehavior [ RunTime:0.001181s ]
INFO: [ app_end ] --END-- [ RunTime:0.001230s ]

[ 2016-03-05T00:28:15+08:00 ] 127.0.0.1 /xiangmu/MeiZu-SunShine/index.php/Home/Index/type
INFO: [ app_begin ] --START--
INFO: Run Behavior\ReadHtmlCacheBehavior [ RunTime:0.000684s ]
INFO: [ app_begin ] --END-- [ RunTime:0.001134s ]
SQL: DESCRIBE meizu_goods [ RunTime:0.004326s ]
SQL: SELECT * FROM `meizu_goods` WHERE `pid` = 23 AND `status` = 1  [ RunTime:0.000390s ]
INFO: [ app_end ] --START--
INFO: Run Behavior\ShowPageTraceBehavior [ RunTime:0.001116s ]
INFO: [ app_end ] --END-- [ RunTime:0.001243s ]

[ 2016-03-05T00:28:16+08:00 ] 127.0.0.1 /xiangmu/MeiZu-SunShine/index.php/Home/Index/type
INFO: [ app_begin ] --START--
INFO: Run Behavior\ReadHtmlCacheBehavior [ RunTime:0.001285s ]
INFO: [ app_begin ] --END-- [ RunTime:0.002084s ]
SQL: DESCRIBE meizu_goods [ RunTime:0.005297s ]
SQL: SELECT * FROM `meizu_goods` WHERE `pid` = 23 AND `status` = 1  [ RunTime:0.000392s ]
INFO: [ app_end ] --START--
INFO: Run Behavior\ShowPageTraceBehavior [ RunTime:0.001137s ]
INFO: [ app_end ] --END-- [ RunTime:0.001208s ]

[ 2016-03-05T00:28:18+08:00 ] 127.0.0.1 /xiangmu/MeiZu-SunShine/index.php/Home/Index/type
INFO: [ app_begin ] --START--
INFO: Run Behavior\ReadHtmlCacheBehavior [ RunTime:0.001161s ]
INFO: [ app_begin ] --END-- [ RunTime:0.001867s ]
SQL: DESCRIBE meizu_goods [ RunTime:0.008103s ]
SQL: SELECT * FROM `meizu_goods` WHERE `pid` = 17 AND `status` = 1  [ RunTime:0.000644s ]
INFO: [ app_end ] --START--
INFO: Run Behavior\ShowPageTraceBehavior [ RunTime:0.001205s ]
INFO: [ app_end ] --END-- [ RunTime:0.001291s ]

[ 2016-03-05T00:28:18+08:00 ] 127.0.0.1 /xiangmu/MeiZu-SunShine/index.php/Home/Index/type
INFO: [ app_begin ] --START--
INFO: Run Behavior\ReadHtmlCacheBehavior [ RunTime:0.000920s ]
INFO: [ app_begin ] --END-- [ RunTime:0.001507s ]
SQL: DESCRIBE meizu_goods [ RunTime:0.004901s ]
SQL: SELECT * FROM `meizu_goods` WHERE `pid` = 11 AND `status` = 1  [ RunTime:0.000425s ]
INFO: [ app_end ] --START--
INFO: Run Behavior\ShowPageTraceBehavior [ RunTime:0.001150s ]
INFO: [ app_end ] --END-- [ RunTime:0.001206s ]

[ 2016-03-05T00:28:21+08:00 ] 127.0.0.1 /xiangmu/MeiZu-SunShine/index.php/Home/Index/type
INFO: [ app_begin ] --START--
INFO: Run Behavior\ReadHtmlCacheBehavior [ RunTime:0.001105s ]
INFO: [ app_begin ] --END-- [ RunTime:0.001832s ]
SQL: DESCRIBE meizu_goods [ RunTime:0.009881s ]
SQL: SELECT * FROM `meizu_goods` WHERE `pid` = 1 AND `status` = 1  [ RunTime:0.001640s ]
INFO: [ app_end ] --START--
INFO: Run Behavior\ShowPageTraceBehavior [ RunTime:0.001054s ]
INFO: [ app_end ] --END-- [ RunTime:0.001137s ]

[ 2016-03-05T00:28:21+08:00 ] 127.0.0.1 /xiangmu/MeiZu-SunShine/index.php/Home/Index/type
INFO: [ app_begin ] --START--
INFO: Run Behavior\ReadHtmlCacheBehavior [ RunTime:0.001491s ]
INFO: [ app_begin ] --END-- [ RunTime:0.002368s ]
SQL: DESCRIBE meizu_goods [ RunTime:0.004988s ]
SQL: SELECT * FROM `meizu_goods` WHERE `pid` = 17 AND `status` = 1  [ RunTime:0.000520s ]
INFO: [ app_end ] --START--
INFO: Run Behavior\ShowPageTraceBehavior [ RunTime:0.001148s ]
INFO: [ app_end ] --END-- [ RunTime:0.001202s ]

[ 2016-03-05T00:28:21+08:00 ] 127.0.0.1 /xiangmu/MeiZu-SunShine/index.php/Home/Index/type
INFO: [ app_begin ] --START--
INFO: Run Behavior\ReadHtmlCacheBehavior [ RunTime:0.000889s ]
INFO: [ app_begin ] --END-- [ RunTime:0.001415s ]
SQL: DESCRIBE meizu_goods [ RunTime:0.007470s ]
SQL: SELECT * FROM `meizu_goods` WHERE `pid` = 23 AND `status` = 1  [ RunTime:0.000701s ]
INFO: [ app_end ] --START--
INFO: Run Behavior\ShowPageTraceBehavior [ RunTime:0.002007s ]
INFO: [ app_end ] --END-- [ RunTime:0.002108s ]

[ 2016-03-05T00:28:21+08:00 ] 127.0.0.1 /xiangmu/MeiZu-SunShine/index.php/Home/Index/type
INFO: [ app_begin ] --START--
INFO: Run Behavior\ReadHtmlCacheBehavior [ RunTime:0.001378s ]
INFO: [ app_begin ] --END-- [ RunTime:0.002203s ]
SQL: DESCRIBE meizu_goods [ RunTime:0.008349s ]
SQL: SELECT * FROM `meizu_goods` WHERE `pid` = 27 AND `status` = 1  [ RunTime:0.000491s ]
INFO: [ app_end ] --START--
INFO: Run Behavior\ShowPageTraceBehavior [ RunTime:0.001303s ]
INFO: [ app_end ] --END-- [ RunTime:0.001378s ]

[ 2016-03-05T02:02:52+08:00 ] 127.0.0.1 /xiangmu/MeiZu-SunShine/index.php/Home/Index/index.html
ERR: ...

[ 2016-03-05T02:04:07+08:00 ] 127.0.0.1 /xiangmu/MeiZu-SunShine/index.php/Home/Index/index.html
ERR: ...

[ 2016-03-05T02:04:09+08:00 ] 127.0.0.1 /xiangmu/MeiZu-SunShine/index.php/Home/Index/index.html
ERR: ...

[ 2016-03-05T02:06:06+08:00 ] 127.0.0.1 /xiangmu/MeiZu-SunShine/index.php/Home/Index/index.html/Admin
ERR: :index.html

[ 2016-03-05T02:06:33+08:00 ] 127.0.0.1 /xiangmu/MeiZu-SunShine/index.php/
ERR: ...

[ 2016-03-05T02:07:12+08:00 ] 127.0.0.1 /xiangmu/MeiZu-SunShine/index.php/Home/Type/type
ERR: ...

[ 2016-03-05T02:07:51+08:00 ] 127.0.0.1 /xiangmu/MeiZu-SunShine/index.php/Home/
ERR: ...

[ 2016-03-05T02:12:03+08:00 ] 127.0.0.1 /xiangmu/MeiZu-SunShine/index.php/Home/
ERR: ...

[ 2016-03-05T02:12:23+08:00 ] 127.0.0.1 /xiangmu/MeiZu-SunShine/index.php
ERR: ...

[ 2016-03-05T02:12:31+08:00 ] 127.0.0.1 /xiangmu/MeiZu-SunShine/
ERR: ...

[ 2016-03-05T09:15:34+08:00 ] 127.0.0.1 /xiangmu/MeiZu-SunShine/
ERR: ...

[ 2016-03-05T09:37:34+08:00 ] 127.0.0.1 /xiangmu/MeiZu-SunShine/index.php/Home/Index/type
INFO: [ app_begin ] --START--
INFO: Run Behavior\ReadHtmlCacheBehavior [ RunTime:0.000844s ]
INFO: [ app_begin ] --END-- [ RunTime:0.001882s ]
SQL: DESCRIBE meizu_goods [ RunTime:0.003281s ]
SQL: SELECT * FROM `meizu_goods` WHERE `pid` = 1 AND `status` = 1  [ RunTime:0.000460s ]
INFO: [ app_end ] --START--
INFO: Run Behavior\ShowPageTraceBehavior [ RunTime:0.001039s ]
INFO: [ app_end ] --END-- [ RunTime:0.001131s ]

[ 2016-03-05T09:37:43+08:00 ] 127.0.0.1 /xiangmu/MeiZu-SunShine/index.php/Home/Index/type
INFO: [ app_begin ] --START--
INFO: Run Behavior\ReadHtmlCacheBehavior [ RunTime:0.001376s ]
INFO: [ app_begin ] --END-- [ RunTime:0.002329s ]
SQL: DESCRIBE meizu_goods [ RunTime:0.004714s ]
SQL: SELECT * FROM `meizu_goods` WHERE `pid` = 1 AND `status` = 1  [ RunTime:0.000654s ]
INFO: [ app_end ] --START--
INFO: Run Behavior\ShowPageTraceBehavior [ RunTime:0.001577s ]
INFO: [ app_end ] --END-- [ RunTime:0.001664s ]

[ 2016-03-05T09:39:49+08:00 ] 127.0.0.1 /xiangmu/MeiZu-SunShine/index.php/Home/Index/type
INFO: [ app_begin ] --START--
INFO: Run Behavior\ReadHtmlCacheBehavior [ RunTime:0.000707s ]
INFO: [ app_begin ] --END-- [ RunTime:0.001218s ]
SQL: DESCRIBE meizu_goods [ RunTime:0.003111s ]
SQL: SELECT * FROM `meizu_goods` WHERE `pid` = 23 AND `status` = 1  [ RunTime:0.000369s ]
INFO: [ app_end ] --START--
INFO: Run Behavior\ShowPageTraceBehavior [ RunTime:0.000968s ]
INFO: [ app_end ] --END-- [ RunTime:0.001037s ]

[ 2016-03-05T09:39:49+08:00 ] 127.0.0.1 /xiangmu/MeiZu-SunShine/index.php/Home/Index/type
INFO: [ app_begin ] --START--
INFO: Run Behavior\ReadHtmlCacheBehavior [ RunTime:0.000713s ]
INFO: [ app_begin ] --END-- [ RunTime:0.001184s ]
SQL: DESCRIBE meizu_goods [ RunTime:0.003177s ]
SQL: SELECT * FROM `meizu_goods` WHERE `pid` = 27 AND `status` = 1  [ RunTime:0.000392s ]
INFO: [ app_end ] --START--
INFO: Run Behavior\ShowPageTraceBehavior [ RunTime:0.000961s ]
INFO: [ app_end ] --END-- [ RunTime:0.001011s ]

[ 2016-03-05T09:43:10+08:00 ] 127.0.0.1 /xiangmu/MeiZu-SunShine/index.php/Home/Index/type
INFO: [ app_begin ] --START--
INFO: Run Behavior\ReadHtmlCacheBehavior [ RunTime:0.000699s ]
INFO: [ app_begin ] --END-- [ RunTime:0.001224s ]
SQL: DESCRIBE meizu_goods [ RunTime:0.004039s ]
SQL: SELECT * FROM `meizu_goods` WHERE `pid` = 11 AND `status` = 1  [ RunTime:0.000471s ]
INFO: [ app_end ] --START--
INFO: Run Behavior\ShowPageTraceBehavior [ RunTime:0.001423s ]
INFO: [ app_end ] --END-- [ RunTime:0.001482s ]

[ 2016-03-05T09:43:10+08:00 ] 127.0.0.1 /xiangmu/MeiZu-SunShine/index.php/Home/Index/type
INFO: [ app_begin ] --START--
INFO: Run Behavior\ReadHtmlCacheBehavior [ RunTime:0.001256s ]
INFO: [ app_begin ] --END-- [ RunTime:0.001981s ]
SQL: DESCRIBE meizu_goods [ RunTime:0.003309s ]
SQL: SELECT * FROM `meizu_goods` WHERE `pid` = 17 AND `status` = 1  [ RunTime:0.000377s ]
INFO: [ app_end ] --START--
INFO: Run Behavior\ShowPageTraceBehavior [ RunTime:0.000879s ]
INFO: [ app_end ] --END-- [ RunTime:0.000922s ]

[ 2016-03-05T09:43:11+08:00 ] 127.0.0.1 /xiangmu/MeiZu-SunShine/index.php/Home/Index/type
INFO: [ app_begin ] --START--
INFO: Run Behavior\ReadHtmlCacheBehavior [ RunTime:0.000788s ]
INFO: [ app_begin ] --END-- [ RunTime:0.001732s ]
SQL: DESCRIBE meizu_goods [ RunTime:0.006101s ]
SQL: SELECT * FROM `meizu_goods` WHERE `pid` = 11 AND `status` = 1  [ RunTime:0.000702s ]
INFO: [ app_end ] --START--
INFO: Run Behavior\ShowPageTraceBehavior [ RunTime:0.000988s ]
INFO: [ app_end ] --END-- [ RunTime:0.001042s ]

[ 2016-03-05T09:43:11+08:00 ] 127.0.0.1 /xiangmu/MeiZu-SunShine/index.php/Home/Index/type
INFO: [ app_begin ] --START--
INFO: Run Behavior\ReadHtmlCacheBehavior [ RunTime:0.000655s ]
INFO: [ app_begin ] --END-- [ RunTime:0.001110s ]
SQL: DESCRIBE meizu_goods [ RunTime:0.004106s ]
SQL: SELECT * FROM `meizu_goods` WHERE `pid` = 1 AND `status` = 1  [ RunTime:0.000400s ]
INFO: [ app_end ] --START--
INFO: Run Behavior\ShowPageTraceBehavior [ RunTime:0.001128s ]
INFO: [ app_end ] --END-- [ RunTime:0.001185s ]

[ 2016-03-05T09:43:12+08:00 ] 127.0.0.1 /xiangmu/MeiZu-SunShine/index.php/Home/Index/type
INFO: [ app_begin ] --START--
INFO: Run Behavior\ReadHtmlCacheBehavior [ RunTime:0.000724s ]
INFO: [ app_begin ] --END-- [ RunTime:0.001252s ]
SQL: DESCRIBE meizu_goods [ RunTime:0.003925s ]
SQL: SELECT * FROM `meizu_goods` WHERE `pid` = 1 AND `status` = 1  [ RunTime:0.000492s ]
INFO: [ app_end ] --START--
INFO: Run Behavior\ShowPageTraceBehavior [ RunTime:0.000968s ]
INFO: [ app_end ] --END-- [ RunTime:0.001022s ]

[ 2016-03-05T09:43:12+08:00 ] 127.0.0.1 /xiangmu/MeiZu-SunShine/index.php/Home/Index/type
INFO: [ app_begin ] --START--
INFO: Run Behavior\ReadHtmlCacheBehavior [ RunTime:0.000963s ]
INFO: [ app_begin ] --END-- [ RunTime:0.001648s ]
SQL: DESCRIBE meizu_goods [ RunTime:0.003243s ]
SQL: SELECT * FROM `meizu_goods` WHERE `pid` = 11 AND `status` = 1  [ RunTime:0.000335s ]
INFO: [ app_end ] --START--
INFO: Run Behavior\ShowPageTraceBehavior [ RunTime:0.000959s ]
INFO: [ app_end ] --END-- [ RunTime:0.001009s ]

[ 2016-03-05T09:43:12+08:00 ] 127.0.0.1 /xiangmu/MeiZu-SunShine/index.php/Home/Index/type
INFO: [ app_begin ] --START--
INFO: Run Behavior\ReadHtmlCacheBehavior [ RunTime:0.000679s ]
INFO: [ app_begin ] --END-- [ RunTime:0.001150s ]
SQL: DESCRIBE meizu_goods [ RunTime:0.003729s ]
SQL: SELECT * FROM `meizu_goods` WHERE `pid` = 17 AND `status` = 1  [ RunTime:0.000425s ]
INFO: [ app_end ] --START--
INFO: Run Behavior\ShowPageTraceBehavior [ RunTime:0.000940s ]
INFO: [ app_end ] --END-- [ RunTime:0.000987s ]

[ 2016-03-05T09:43:12+08:00 ] 127.0.0.1 /xiangmu/MeiZu-SunShine/index.php/Home/Index/type
INFO: [ app_begin ] --START--
INFO: Run Behavior\ReadHtmlCacheBehavior [ RunTime:0.000692s ]
INFO: [ app_begin ] --END-- [ RunTime:0.001154s ]
SQL: DESCRIBE meizu_goods [ RunTime:0.003370s ]
SQL: SELECT * FROM `meizu_goods` WHERE `pid` = 23 AND `status` = 1  [ RunTime:0.000336s ]
INFO: [ app_end ] --START--
INFO: Run Behavior\ShowPageTraceBehavior [ RunTime:0.000964s ]
INFO: [ app_end ] --END-- [ RunTime:0.001020s ]

[ 2016-03-05T09:43:12+08:00 ] 127.0.0.1 /xiangmu/MeiZu-SunShine/index.php/Home/Index/type
INFO: [ app_begin ] --START--
INFO: Run Behavior\ReadHtmlCacheBehavior [ RunTime:0.000679s ]
INFO: [ app_begin ] --END-- [ RunTime:0.001163s ]
SQL: DESCRIBE meizu_goods [ RunTime:0.003379s ]
SQL: SELECT * FROM `meizu_goods` WHERE `pid` = 27 AND `status` = 1  [ RunTime:0.000436s ]
INFO: [ app_end ] --START--
INFO: Run Behavior\ShowPageTraceBehavior [ RunTime:0.001044s ]
INFO: [ app_end ] --END-- [ RunTime:0.001101s ]

[ 2016-03-05T09:43:13+08:00 ] 127.0.0.1 /xiangmu/MeiZu-SunShine/index.php/Home/Index/type
INFO: [ app_begin ] --START--
INFO: Run Behavior\ReadHtmlCacheBehavior [ RunTime:0.000671s ]
INFO: [ app_begin ] --END-- [ RunTime:0.001159s ]
SQL: DESCRIBE meizu_goods [ RunTime:0.004661s ]
SQL: SELECT * FROM `meizu_goods` WHERE `pid` = 27 AND `status` = 1  [ RunTime:0.000436s ]
INFO: [ app_end ] --START--
INFO: Run Behavior\ShowPageTraceBehavior [ RunTime:0.000970s ]
INFO: [ app_end ] --END-- [ RunTime:0.001025s ]

[ 2016-03-05T09:43:13+08:00 ] 127.0.0.1 /xiangmu/MeiZu-SunShine/index.php/Home/Index/type
INFO: [ app_begin ] --START--
INFO: Run Behavior\ReadHtmlCacheBehavior [ RunTime:0.002045s ]
INFO: [ app_begin ] --END-- [ RunTime:0.003673s ]
SQL: DESCRIBE meizu_goods [ RunTime:0.005394s ]
SQL: SELECT * FROM `meizu_goods` WHERE `pid` = 23 AND `status` = 1  [ RunTime:0.000435s ]
INFO: [ app_end ] --START--
INFO: Run Behavior\ShowPageTraceBehavior [ RunTime:0.000862s ]
INFO: [ app_end ] --END-- [ RunTime:0.000917s ]

[ 2016-03-05T09:43:13+08:00 ] 127.0.0.1 /xiangmu/MeiZu-SunShine/index.php/Home/Index/type
INFO: [ app_begin ] --START--
INFO: Run Behavior\ReadHtmlCacheBehavior [ RunTime:0.000689s ]
INFO: [ app_begin ] --END-- [ RunTime:0.001161s ]
SQL: DESCRIBE meizu_goods [ RunTime:0.005529s ]
SQL: SELECT * FROM `meizu_goods` WHERE `pid` = 17 AND `status` = 1  [ RunTime:0.000444s ]
INFO: [ app_end ] --START--
INFO: Run Behavior\ShowPageTraceBehavior [ RunTime:0.000833s ]
INFO: [ app_end ] --END-- [ RunTime:0.000891s ]

[ 2016-03-05T09:43:13+08:00 ] 127.0.0.1 /xiangmu/MeiZu-SunShine/index.php/Home/Index/type
INFO: [ app_begin ] --START--
INFO: Run Behavior\ReadHtmlCacheBehavior [ RunTime:0.000669s ]
INFO: [ app_begin ] --END-- [ RunTime:0.001120s ]
SQL: DESCRIBE meizu_goods [ RunTime:0.003336s ]
SQL: SELECT * FROM `meizu_goods` WHERE `pid` = 11 AND `status` = 1  [ RunTime:0.000329s ]
INFO: [ app_end ] --START--
INFO: Run Behavior\ShowPageTraceBehavior [ RunTime:0.001890s ]
INFO: [ app_end ] --END-- [ RunTime:0.001965s ]

[ 2016-03-05T09:43:13+08:00 ] 127.0.0.1 /xiangmu/MeiZu-SunShine/index.php/Home/Index/type
INFO: [ app_begin ] --START--
INFO: Run Behavior\ReadHtmlCacheBehavior [ RunTime:0.001001s ]
INFO: [ app_begin ] --END-- [ RunTime:0.001703s ]
SQL: DESCRIBE meizu_goods [ RunTime:0.004432s ]
SQL: SELECT * FROM `meizu_goods` WHERE `pid` = 1 AND `status` = 1  [ RunTime:0.000578s ]
INFO: [ app_end ] --START--
INFO: Run Behavior\ShowPageTraceBehavior [ RunTime:0.001153s ]
INFO: [ app_end ] --END-- [ RunTime:0.001244s ]

[ 2016-03-05T10:45:09+08:00 ] 127.0.0.1 /xiangmu/MeiZu-SunShine/index.php/Home/Index/type
INFO: [ app_begin ] --START--
INFO: Run Behavior\ReadHtmlCacheBehavior [ RunTime:0.000678s ]
INFO: [ app_begin ] --END-- [ RunTime:0.001187s ]
SQL: DESCRIBE meizu_goods [ RunTime:0.003018s ]
SQL: SELECT * FROM `meizu_goods` WHERE `pid` = 1 AND `status` = 1  [ RunTime:0.000369s ]
INFO: [ app_end ] --START--
INFO: Run Behavior\ShowPageTraceBehavior [ RunTime:0.000907s ]
INFO: [ app_end ] --END-- [ RunTime:0.000959s ]

[ 2016-03-05T10:45:09+08:00 ] 127.0.0.1 /xiangmu/MeiZu-SunShine/index.php/Home/Index/type
INFO: [ app_begin ] --START--
INFO: Run Behavior\ReadHtmlCacheBehavior [ RunTime:0.000692s ]
INFO: [ app_begin ] --END-- [ RunTime:0.001176s ]
SQL: DESCRIBE meizu_goods [ RunTime:0.004208s ]
SQL: SELECT * FROM `meizu_goods` WHERE `pid` = 1 AND `status` = 1  [ RunTime:0.004407s ]
INFO: [ app_end ] --START--
INFO: Run Behavior\ShowPageTraceBehavior [ RunTime:0.002391s ]
INFO: [ app_end ] --END-- [ RunTime:0.002500s ]

[ 2016-03-05T10:48:46+08:00 ] 127.0.0.1 /xiangmu/MeiZu-SunShine/index.php/Home/Config/config.html
ERR: :Config

[ 2016-03-05T10:52:59+08:00 ] 127.0.0.1 /xiangmu/MeiZu-SunShine/index.php/Home/Index/type
INFO: [ app_begin ] --START--
INFO: Run Behavior\ReadHtmlCacheBehavior [ RunTime:0.002293s ]
INFO: [ app_begin ] --END-- [ RunTime:0.003572s ]
SQL: DESCRIBE meizu_goods [ RunTime:0.003543s ]
SQL: SELECT * FROM `meizu_goods` WHERE `pid` = 1 AND `status` = 1  [ RunTime:0.000383s ]
INFO: [ app_end ] --START--
INFO: Run Behavior\ShowPageTraceBehavior [ RunTime:0.000924s ]
INFO: [ app_end ] --END-- [ RunTime:0.000977s ]

[ 2016-03-05T10:52:59+08:00 ] 127.0.0.1 /xiangmu/MeiZu-SunShine/index.php/Home/Index/type
INFO: [ app_begin ] --START--
INFO: Run Behavior\ReadHtmlCacheBehavior [ RunTime:0.000679s ]
INFO: [ app_begin ] --END-- [ RunTime:0.001174s ]
SQL: DESCRIBE meizu_goods [ RunTime:0.002953s ]
SQL: SELECT * FROM `meizu_goods` WHERE `pid` = 11 AND `status` = 1  [ RunTime:0.000324s ]
INFO: [ app_end ] --START--
INFO: Run Behavior\ShowPageTraceBehavior [ RunTime:0.000912s ]
INFO: [ app_end ] --END-- [ RunTime:0.000957s ]

[ 2016-03-05T11:24:21+08:00 ] 127.0.0.1 /xiangmu/MeiZu-SunShine/index.php/Home/Login/check?userName=%E5%B0%8F%E8%B6%85
INFO: [ app_begin ] --START--
INFO: Run Behavior\ReadHtmlCacheBehavior [ RunTime:0.000950s ]
INFO: [ app_begin ] --END-- [ RunTime:0.001472s ]
SQL: DESCRIBE meizu_user [ RunTime:0.004771s ]
SQL: SELECT * FROM `meizu_user` WHERE `userName` = ''  [ RunTime:0.000393s ]

[ 2016-03-05T11:24:54+08:00 ] 127.0.0.1 /xiangmu/MeiZu-SunShine/index.php/Home/Login/check?userName=%E5%B0%8F%E8%B6%85
INFO: [ app_begin ] --START--
INFO: Run Behavior\ReadHtmlCacheBehavior [ RunTime:0.001039s ]
INFO: [ app_begin ] --END-- [ RunTime:0.001543s ]
SQL: DESCRIBE meizu_user [ RunTime:0.004255s ]
SQL: SELECT * FROM `meizu_user` WHERE `userName` = ''  [ RunTime:0.000438s ]

[ 2016-03-05T11:25:19+08:00 ] 127.0.0.1 /xiangmu/MeiZu-SunShine/index.php/Home/Login/check?userName=%E5%B0%8F%E8%B6%85
INFO: [ app_begin ] --START--
INFO: Run Behavior\ReadHtmlCacheBehavior [ RunTime:0.000781s ]
INFO: [ app_begin ] --END-- [ RunTime:0.001336s ]
SQL: DESCRIBE meizu_user [ RunTime:0.003491s ]
SQL: SELECT * FROM `meizu_user` WHERE `userName` = ''  [ RunTime:0.000371s ]

[ 2016-03-05T11:25:25+08:00 ] 127.0.0.1 /xiangmu/MeiZu-SunShine/index.php/Home/Login/check?userName=%E5%B0%8F%E8%B6%85
INFO: [ app_begin ] --START--
INFO: Run Behavior\ReadHtmlCacheBehavior [ RunTime:0.000936s ]
INFO: [ app_begin ] --END-- [ RunTime:0.001583s ]
SQL: DESCRIBE meizu_user [ RunTime:0.003395s ]
SQL: SELECT * FROM `meizu_user` WHERE `userName` = ''  [ RunTime:0.000375s ]

[ 2016-03-05T11:25:37+08:00 ] 127.0.0.1 /xiangmu/MeiZu-SunShine/index.php/Home/Login/check?userName=%E5%B0%8F%E8%B6%85
INFO: [ app_begin ] --START--
INFO: Run Behavior\ReadHtmlCacheBehavior [ RunTime:0.000770s ]
INFO: [ app_begin ] --END-- [ RunTime:0.001305s ]
SQL: DESCRIBE meizu_user [ RunTime:0.003607s ]
SQL: SELECT * FROM `meizu_user` WHERE `userName` = ''  [ RunTime:0.000400s ]

[ 2016-03-05T11:25:42+08:00 ] 127.0.0.1 /xiangmu/MeiZu-SunShine/index.php/Home/Login/check?userName=%E5%B0%8F%E8%B6%85
INFO: [ app_begin ] --START--
INFO: Run Behavior\ReadHtmlCacheBehavior [ RunTime:0.000680s ]
INFO: [ app_begin ] --END-- [ RunTime:0.001186s ]
SQL: DESCRIBE meizu_user [ RunTime:0.005128s ]
SQL: SELECT * FROM `meizu_user` WHERE `userName` = ''  [ RunTime:0.000433s ]

[ 2016-03-05T11:28:08+08:00 ] 127.0.0.1 /xiangmu/MeiZu-SunShine/index.php/Home/Register/check.html?userName=
INFO: [ app_begin ] --START--
INFO: Run Behavior\ReadHtmlCacheBehavior [ RunTime:0.000716s ]
INFO: [ app_begin ] --END-- [ RunTime:0.001181s ]
SQL: DESCRIBE meizu_user [ RunTime:0.003596s ]
SQL: SELECT * FROM `meizu_user` WHERE `userName` = ''  [ RunTime:0.000357s ]

[ 2016-03-05T11:28:13+08:00 ] 127.0.0.1 /xiangmu/MeiZu-SunShine/index.php/Home/Register/check.html?userName=
INFO: [ app_begin ] --START--
INFO: Run Behavior\ReadHtmlCacheBehavior [ RunTime:0.000822s ]
INFO: [ app_begin ] --END-- [ RunTime:0.001232s ]
SQL: DESCRIBE meizu_user [ RunTime:0.003896s ]
SQL: SELECT * FROM `meizu_user` WHERE `userName` = ''  [ RunTime:0.000401s ]

[ 2016-03-05T13:25:56+08:00 ] 127.0.0.1 /xiangmu/MeiZu-SunShine/index.php/Home/Index/type
INFO: [ app_begin ] --START--
INFO: Run Behavior\ReadHtmlCacheBehavior [ RunTime:0.000696s ]
INFO: [ app_begin ] --END-- [ RunTime:0.001271s ]
SQL: DESCRIBE meizu_goods [ RunTime:0.004111s ]
SQL: SELECT * FROM `meizu_goods` WHERE `pid` = 1 AND `status` = 1  [ RunTime:0.000403s ]
INFO: [ app_end ] --START--
INFO: Run Behavior\ShowPageTraceBehavior [ RunTime:0.000933s ]
INFO: [ app_end ] --END-- [ RunTime:0.000987s ]

[ 2016-03-05T13:26:16+08:00 ] 127.0.0.1 /xiangmu/MeiZu-SunShine/index.php/Home/Index/type
INFO: [ app_begin ] --START--
INFO: Run Behavior\ReadHtmlCacheBehavior [ RunTime:0.000912s ]
INFO: [ app_begin ] --END-- [ RunTime:0.001659s ]
SQL: DESCRIBE meizu_goods [ RunTime:0.003549s ]
SQL: SELECT * FROM `meizu_goods` WHERE `pid` = 17 AND `status` = 1  [ RunTime:0.000425s ]
INFO: [ app_end ] --START--
INFO: Run Behavior\ShowPageTraceBehavior [ RunTime:0.001269s ]
INFO: [ app_end ] --END-- [ RunTime:0.001312s ]

[ 2016-03-05T13:27:17+08:00 ] 127.0.0.1 /xiangmu/MeiZu-SunShine/index.php/Home/Index/type
INFO: [ app_begin ] --START--
INFO: Run Behavior\ReadHtmlCacheBehavior [ RunTime:0.001031s ]
INFO: [ app_begin ] --END-- [ RunTime:0.001782s ]
SQL: DESCRIBE meizu_goods [ RunTime:0.003689s ]
SQL: SELECT * FROM `meizu_goods` WHERE `pid` = 1 AND `status` = 1  [ RunTime:0.000518s ]
INFO: [ app_end ] --START--
INFO: Run Behavior\ShowPageTraceBehavior [ RunTime:0.001309s ]
INFO: [ app_end ] --END-- [ RunTime:0.001398s ]

[ 2016-03-05T13:27:17+08:00 ] 127.0.0.1 /xiangmu/MeiZu-SunShine/index.php/Home/Index/type
INFO: [ app_begin ] --START--
INFO: Run Behavior\ReadHtmlCacheBehavior [ RunTime:0.000741s ]
INFO: [ app_begin ] --END-- [ RunTime:0.001312s ]
SQL: DESCRIBE meizu_goods [ RunTime:0.003502s ]
SQL: SELECT * FROM `meizu_goods` WHERE `pid` = 11 AND `status` = 1  [ RunTime:0.000380s ]
INFO: [ app_end ] --START--
INFO: Run Behavior\ShowPageTraceBehavior [ RunTime:0.000947s ]
INFO: [ app_end ] --END-- [ RunTime:0.001007s ]

[ 2016-03-05T13:27:18+08:00 ] 127.0.0.1 /xiangmu/MeiZu-SunShine/index.php/Home/Index/type
INFO: [ app_begin ] --START--
INFO: Run Behavior\ReadHtmlCacheBehavior [ RunTime:0.000671s ]
INFO: [ app_begin ] --END-- [ RunTime:0.001151s ]
SQL: DESCRIBE meizu_goods [ RunTime:0.003547s ]
SQL: SELECT * FROM `meizu_goods` WHERE `pid` = 17 AND `status` = 1  [ RunTime:0.000441s ]
INFO: [ app_end ] --START--
INFO: Run Behavior\ShowPageTraceBehavior [ RunTime:0.001083s ]
INFO: [ app_end ] --END-- [ RunTime:0.001132s ]

[ 2016-03-05T13:27:19+08:00 ] 127.0.0.1 /xiangmu/MeiZu-SunShine/index.php/Home/Index/type
INFO: [ app_begin ] --START--
INFO: Run Behavior\ReadHtmlCacheBehavior [ RunTime:0.000681s ]
INFO: [ app_begin ] --END-- [ RunTime:0.001219s ]
SQL: DESCRIBE meizu_goods [ RunTime:0.003387s ]
SQL: SELECT * FROM `meizu_goods` WHERE `pid` = 17 AND `status` = 1  [ RunTime:0.000386s ]
INFO: [ app_end ] --START--
INFO: Run Behavior\ShowPageTraceBehavior [ RunTime:0.000876s ]
INFO: [ app_end ] --END-- [ RunTime:0.000917s ]

[ 2016-03-05T13:27:20+08:00 ] 127.0.0.1 /xiangmu/MeiZu-SunShine/index.php/Home/Index/type
INFO: [ app_begin ] --START--
INFO: Run Behavior\ReadHtmlCacheBehavior [ RunTime:0.000935s ]
INFO: [ app_begin ] --END-- [ RunTime:0.001464s ]
SQL: DESCRIBE meizu_goods [ RunTime:0.003414s ]
SQL: SELECT * FROM `meizu_goods` WHERE `pid` = 23 AND `status` = 1  [ RunTime:0.000419s ]
INFO: [ app_end ] --START--
INFO: Run Behavior\ShowPageTraceBehavior [ RunTime:0.001013s ]
INFO: [ app_end ] --END-- [ RunTime:0.001076s ]

[ 2016-03-05T13:27:20+08:00 ] 127.0.0.1 /xiangmu/MeiZu-SunShine/index.php/Home/Index/type
INFO: [ app_begin ] --START--
INFO: Run Behavior\ReadHtmlCacheBehavior [ RunTime:0.000721s ]
INFO: [ app_begin ] --END-- [ RunTime:0.001243s ]
SQL: DESCRIBE meizu_goods [ RunTime:0.004181s ]
SQL: SELECT * FROM `meizu_goods` WHERE `pid` = 27 AND `status` = 1  [ RunTime:0.000427s ]
INFO: [ app_end ] --START--
INFO: Run Behavior\ShowPageTraceBehavior [ RunTime:0.000970s ]
INFO: [ app_end ] --END-- [ RunTime:0.001014s ]

[ 2016-03-05T13:27:23+08:00 ] 127.0.0.1 /xiangmu/MeiZu-SunShine/index.php/Home/Index/type
INFO: [ app_begin ] --START--
INFO: Run Behavior\ReadHtmlCacheBehavior [ RunTime:0.000997s ]
INFO: [ app_begin ] --END-- [ RunTime:0.001733s ]
SQL: DESCRIBE meizu_goods [ RunTime:0.003706s ]
SQL: SELECT * FROM `meizu_goods` WHERE `pid` = 11 AND `status` = 1  [ RunTime:0.000440s ]
INFO: [ app_end ] --START--
INFO: Run Behavior\ShowPageTraceBehavior [ RunTime:0.000858s ]
INFO: [ app_end ] --END-- [ RunTime:0.000898s ]

[ 2016-03-05T13:27:23+08:00 ] 127.0.0.1 /xiangmu/MeiZu-SunShine/index.php/Home/Index/type
INFO: [ app_begin ] --START--
INFO: Run Behavior\ReadHtmlCacheBehavior [ RunTime:0.000871s ]
INFO: [ app_begin ] --END-- [ RunTime:0.001541s ]
SQL: DESCRIBE meizu_goods [ RunTime:0.003180s ]
SQL: SELECT * FROM `meizu_goods` WHERE `pid` = 1 AND `status` = 1  [ RunTime:0.000417s ]
INFO: [ app_end ] --START--
INFO: Run Behavior\ShowPageTraceBehavior [ RunTime:0.000956s ]
INFO: [ app_end ] --END-- [ RunTime:0.001002s ]

[ 2016-03-05T13:27:23+08:00 ] 127.0.0.1 /xiangmu/MeiZu-SunShine/index.php/Home/Index/type
INFO: [ app_begin ] --START--
INFO: Run Behavior\ReadHtmlCacheBehavior [ RunTime:0.000853s ]
INFO: [ app_begin ] --END-- [ RunTime:0.001613s ]
SQL: DESCRIBE meizu_goods [ RunTime:0.003416s ]
SQL: SELECT * FROM `meizu_goods` WHERE `pid` = 1 AND `status` = 1  [ RunTime:0.000423s ]
INFO: [ app_end ] --START--
INFO: Run Behavior\ShowPageTraceBehavior [ RunTime:0.000944s ]
INFO: [ app_end ] --END-- [ RunTime:0.000989s ]

[ 2016-03-05T13:27:23+08:00 ] 127.0.0.1 /xiangmu/MeiZu-SunShine/index.php/Home/Index/type
INFO: [ app_begin ] --START--
INFO: Run Behavior\ReadHtmlCacheBehavior [ RunTime:0.000794s ]
INFO: [ app_begin ] --END-- [ RunTime:0.001304s ]
SQL: DESCRIBE meizu_goods [ RunTime:0.003186s ]
SQL: SELECT * FROM `meizu_goods` WHERE `pid` = 11 AND `status` = 1  [ RunTime:0.000348s ]
INFO: [ app_end ] --START--
INFO: Run Behavior\ShowPageTraceBehavior [ RunTime:0.000922s ]
INFO: [ app_end ] --END-- [ RunTime:0.000976s ]

[ 2016-03-05T13:27:24+08:00 ] 127.0.0.1 /xiangmu/MeiZu-SunShine/index.php/Home/Index/type
INFO: [ app_begin ] --START--
INFO: Run Behavior\ReadHtmlCacheBehavior [ RunTime:0.000835s ]
INFO: [ app_begin ] --END-- [ RunTime:0.001451s ]
SQL: DESCRIBE meizu_goods [ RunTime:0.003422s ]
SQL: SELECT * FROM `meizu_goods` WHERE `pid` = 17 AND `status` = 1  [ RunTime:0.000407s ]
INFO: [ app_end ] --START--
INFO: Run Behavior\ShowPageTraceBehavior [ RunTime:0.001011s ]
INFO: [ app_end ] --END-- [ RunTime:0.001077s ]

[ 2016-03-05T13:27:26+08:00 ] 127.0.0.1 /xiangmu/MeiZu-SunShine/index.php/Home/Index/type
INFO: [ app_begin ] --START--
INFO: Run Behavior\ReadHtmlCacheBehavior [ RunTime:0.001014s ]
INFO: [ app_begin ] --END-- [ RunTime:0.001796s ]
SQL: DESCRIBE meizu_goods [ RunTime:0.003907s ]
SQL: SELECT * FROM `meizu_goods` WHERE `pid` = 1 AND `status` = 1  [ RunTime:0.000498s ]
INFO: [ app_end ] --START--
INFO: Run Behavior\ShowPageTraceBehavior [ RunTime:0.001027s ]
INFO: [ app_end ] --END-- [ RunTime:0.001087s ]

[ 2016-03-05T13:29:18+08:00 ] 127.0.0.1 /xiangmu/MeiZu-SunShine/index.php/Home/Index/type
INFO: [ app_begin ] --START--
INFO: Run Behavior\ReadHtmlCacheBehavior [ RunTime:0.001039s ]
INFO: [ app_begin ] --END-- [ RunTime:0.001768s ]
SQL: DESCRIBE meizu_goods [ RunTime:0.005347s ]
SQL: SELECT * FROM `meizu_goods` WHERE `pid` = 1 AND `status` = 1  [ RunTime:0.002129s ]
INFO: [ app_end ] --START--
INFO: Run Behavior\ShowPageTraceBehavior [ RunTime:0.001550s ]
INFO: [ app_end ] --END-- [ RunTime:0.001635s ]

[ 2016-03-05T13:29:18+08:00 ] 127.0.0.1 /xiangmu/MeiZu-SunShine/index.php/Home/Index/type
INFO: [ app_begin ] --START--
INFO: Run Behavior\ReadHtmlCacheBehavior [ RunTime:0.001205s ]
INFO: [ app_begin ] --END-- [ RunTime:0.001966s ]
SQL: DESCRIBE meizu_goods [ RunTime:0.004177s ]
SQL: SELECT * FROM `meizu_goods` WHERE `pid` = 11 AND `status` = 1  [ RunTime:0.000442s ]
INFO: [ app_end ] --START--
INFO: Run Behavior\ShowPageTraceBehavior [ RunTime:0.001328s ]
INFO: [ app_end ] --END-- [ RunTime:0.001448s ]

[ 2016-03-05T13:29:18+08:00 ] 127.0.0.1 /xiangmu/MeiZu-SunShine/index.php/Home/Index/type
INFO: [ app_begin ] --START--
INFO: Run Behavior\ReadHtmlCacheBehavior [ RunTime:0.001283s ]
INFO: [ app_begin ] --END-- [ RunTime:0.002073s ]
SQL: DESCRIBE meizu_goods [ RunTime:0.004748s ]
SQL: SELECT * FROM `meizu_goods` WHERE `pid` = 17 AND `status` = 1  [ RunTime:0.000621s ]
INFO: [ app_end ] --START--
INFO: Run Behavior\ShowPageTraceBehavior [ RunTime:0.000914s ]
INFO: [ app_end ] --END-- [ RunTime:0.000968s ]

[ 2016-03-05T13:29:18+08:00 ] 127.0.0.1 /xiangmu/MeiZu-SunShine/index.php/Home/Index/type
INFO: [ app_begin ] --START--
INFO: Run Behavior\ReadHtmlCacheBehavior [ RunTime:0.001151s ]
INFO: [ app_begin ] --END-- [ RunTime:0.001825s ]
SQL: DESCRIBE meizu_goods [ RunTime:0.004402s ]
SQL: SELECT * FROM `meizu_goods` WHERE `pid` = 23 AND `status` = 1  [ RunTime:0.000351s ]
INFO: [ app_end ] --START--
INFO: Run Behavior\ShowPageTraceBehavior [ RunTime:0.000797s ]
INFO: [ app_end ] --END-- [ RunTime:0.000840s ]

[ 2016-03-05T13:29:18+08:00 ] 127.0.0.1 /xiangmu/MeiZu-SunShine/index.php/Home/Index/type
INFO: [ app_begin ] --START--
INFO: Run Behavior\ReadHtmlCacheBehavior [ RunTime:0.001206s ]
INFO: [ app_begin ] --END-- [ RunTime:0.001954s ]
SQL: DESCRIBE meizu_goods [ RunTime:0.003219s ]
SQL: SELECT * FROM `meizu_goods` WHERE `pid` = 27 AND `status` = 1  [ RunTime:0.000330s ]
INFO: [ app_end ] --START--
INFO: Run Behavior\ShowPageTraceBehavior [ RunTime:0.000830s ]
INFO: [ app_end ] --END-- [ RunTime:0.000876s ]

[ 2016-03-05T13:29:18+08:00 ] 127.0.0.1 /xiangmu/MeiZu-SunShine/index.php/Home/Index/type
INFO: [ app_begin ] --START--
INFO: Run Behavior\ReadHtmlCacheBehavior [ RunTime:0.001023s ]
INFO: [ app_begin ] --END-- [ RunTime:0.001726s ]
SQL: DESCRIBE meizu_goods [ RunTime:0.003127s ]
SQL: SELECT * FROM `meizu_goods` WHERE `pid` = 33 AND `status` = 1  [ RunTime:0.000329s ]
INFO: [ app_end ] --START--
INFO: Run Behavior\ShowPageTraceBehavior [ RunTime:0.000901s ]
INFO: [ app_end ] --END-- [ RunTime:0.000943s ]

[ 2016-03-05T13:29:19+08:00 ] 127.0.0.1 /xiangmu/MeiZu-SunShine/index.php/Home/Index/type
INFO: [ app_begin ] --START--
INFO: Run Behavior\ReadHtmlCacheBehavior [ RunTime:0.001080s ]
INFO: [ app_begin ] --END-- [ RunTime:0.001880s ]
SQL: DESCRIBE meizu_goods [ RunTime:0.003513s ]
SQL: SELECT * FROM `meizu_goods` WHERE `pid` = 27 AND `status` = 1  [ RunTime:0.000440s ]
INFO: [ app_end ] --START--
INFO: Run Behavior\ShowPageTraceBehavior [ RunTime:0.000950s ]
INFO: [ app_end ] --END-- [ RunTime:0.000995s ]

