[ 2016-03-06T16:08:17+08:00 ] 127.0.0.1 /xiangmu/MeiZu-SunShine/Home/Relation
ERR: Think\Model:relaton方法不存在！

[ 2016-03-06T16:50:13+08:00 ] 127.0.0.1 /xiangmu/MeiZu-SunShine/Home/Relation
ERR: Think\Model:relaton方法不存在！

[ 2016-03-06T16:50:13+08:00 ] 127.0.0.1 /xiangmu/MeiZu-SunShine/Home/Relation
ERR: Think\Model:relaton方法不存在！

[ 2016-03-06T17:08:40+08:00 ] 127.0.0.1 /xiangmu/MeiZu-SunShine/Home/Relation
ERR: Think\Model:relaton方法不存在！

[ 2016-03-06T17:27:02+08:00 ] 127.0.0.1 /xiangmu/MeiZu-SunShine/Home/Relation
ERR: Think\Model:relaton方法不存在！

[ 2016-03-06T17:27:03+08:00 ] 127.0.0.1 /xiangmu/MeiZu-SunShine/Home/Relation
ERR: Think\Model:relaton方法不存在！

[ 2016-03-06T17:27:03+08:00 ] 127.0.0.1 /xiangmu/MeiZu-SunShine/Home/Relation
ERR: Think\Model:relaton方法不存在！

[ 2016-03-06T17:27:04+08:00 ] 127.0.0.1 /xiangmu/MeiZu-SunShine/Home/Relation
ERR: Think\Model:relaton方法不存在！

[ 2016-03-06T17:27:56+08:00 ] 127.0.0.1 /xiangmu/MeiZu-SunShine/index.php/Home/Index/type
INFO: [ app_begin ] --START--
INFO: Run Behavior\ReadHtmlCacheBehavior [ RunTime:0.000956s ]
INFO: [ app_begin ] --END-- [ RunTime:0.001487s ]
SQL: DESCRIBE meizu_goods [ RunTime:0.003522s ]
SQL: SELECT * FROM `meizu_goods` WHERE `pid` = 23 AND `status` = 1  [ RunTime:0.000417s ]
INFO: [ app_end ] --START--
INFO: Run Behavior\ShowPageTraceBehavior [ RunTime:0.001132s ]
INFO: [ app_end ] --END-- [ RunTime:0.001181s ]

[ 2016-03-06T17:27:57+08:00 ] 127.0.0.1 /xiangmu/MeiZu-SunShine/index.php/Home/Index/type
INFO: [ app_begin ] --START--
INFO: Run Behavior\ReadHtmlCacheBehavior [ RunTime:0.001116s ]
INFO: [ app_begin ] --END-- [ RunTime:0.001724s ]
SQL: DESCRIBE meizu_goods [ RunTime:0.003672s ]
SQL: SELECT * FROM `meizu_goods` WHERE `pid` = 23 AND `status` = 1  [ RunTime:0.000340s ]
INFO: [ app_end ] --START--
INFO: Run Behavior\ShowPageTraceBehavior [ RunTime:0.001159s ]
INFO: [ app_end ] --END-- [ RunTime:0.001219s ]

[ 2016-03-06T17:28:01+08:00 ] 127.0.0.1 /xiangmu/MeiZu-SunShine/index.php/Home/Index/type
INFO: [ app_begin ] --START--
INFO: Run Behavior\ReadHtmlCacheBehavior [ RunTime:0.001072s ]
INFO: [ app_begin ] --END-- [ RunTime:0.001656s ]
SQL: DESCRIBE meizu_goods [ RunTime:0.007342s ]
SQL: SELECT * FROM `meizu_goods` WHERE `pid` = 23 AND `status` = 1  [ RunTime:0.000509s ]
INFO: [ app_end ] --START--
INFO: Run Behavior\ShowPageTraceBehavior [ RunTime:0.001134s ]
INFO: [ app_end ] --END-- [ RunTime:0.001188s ]

[ 2016-03-06T17:28:01+08:00 ] 127.0.0.1 /xiangmu/MeiZu-SunShine/index.php/Home/Index/type
INFO: [ app_begin ] --START--
INFO: Run Behavior\ReadHtmlCacheBehavior [ RunTime:0.000813s ]
INFO: [ app_begin ] --END-- [ RunTime:0.001320s ]
SQL: DESCRIBE meizu_goods [ RunTime:0.004281s ]
SQL: SELECT * FROM `meizu_goods` WHERE `pid` = 17 AND `status` = 1  [ RunTime:0.000393s ]
INFO: [ app_end ] --START--
INFO: Run Behavior\ShowPageTraceBehavior [ RunTime:0.000954s ]
INFO: [ app_end ] --END-- [ RunTime:0.000998s ]

[ 2016-03-06T17:29:28+08:00 ] 127.0.0.1 /xiangmu/MeiZu-SunShine/index.php/Home/Index/type
INFO: [ app_begin ] --START--
INFO: Run Behavior\ReadHtmlCacheBehavior [ RunTime:0.001385s ]
INFO: [ app_begin ] --END-- [ RunTime:0.002094s ]
SQL: DESCRIBE meizu_goods [ RunTime:0.003732s ]
SQL: SELECT * FROM `meizu_goods` WHERE `pid` = 1 AND `status` = 1  [ RunTime:0.000454s ]
INFO: [ app_end ] --START--
INFO: Run Behavior\ShowPageTraceBehavior [ RunTime:0.001543s ]
INFO: [ app_end ] --END-- [ RunTime:0.001587s ]

[ 2016-03-06T17:29:56+08:00 ] 127.0.0.1 /xiangmu/MeiZu-SunShine/index.php/Home/Index/type
INFO: [ app_begin ] --START--
INFO: Run Behavior\ReadHtmlCacheBehavior [ RunTime:0.001519s ]
INFO: [ app_begin ] --END-- [ RunTime:0.002154s ]
SQL: DESCRIBE meizu_goods [ RunTime:0.004883s ]
SQL: SELECT * FROM `meizu_goods` WHERE `pid` = 1 AND `status` = 1  [ RunTime:0.000543s ]
INFO: [ app_end ] --START--
INFO: Run Behavior\ShowPageTraceBehavior [ RunTime:0.002102s ]
INFO: [ app_end ] --END-- [ RunTime:0.002211s ]

[ 2016-03-06T17:30:37+08:00 ] 127.0.0.1 /xiangmu/MeiZu-SunShine/Home/Login/check?userName=
INFO: [ app_begin ] --START--
INFO: Run Behavior\ReadHtmlCacheBehavior [ RunTime:0.001444s ]
INFO: [ app_begin ] --END-- [ RunTime:0.002087s ]
SQL: DESCRIBE meizu_user [ RunTime:0.004539s ]
SQL: SELECT * FROM `meizu_user` WHERE `userName` = ''  [ RunTime:0.000443s ]

[ 2016-03-06T17:30:55+08:00 ] 127.0.0.1 /xiangmu/MeiZu-SunShine/Home/Login/check?userName=
INFO: [ app_begin ] --START--
INFO: Run Behavior\ReadHtmlCacheBehavior [ RunTime:0.001355s ]
INFO: [ app_begin ] --END-- [ RunTime:0.001958s ]
SQL: DESCRIBE meizu_user [ RunTime:0.003380s ]
SQL: SELECT * FROM `meizu_user` WHERE `userName` = ''  [ RunTime:0.000335s ]

[ 2016-03-06T17:31:11+08:00 ] 127.0.0.1 /xiangmu/MeiZu-SunShine/Home/Login/check?userName=
INFO: [ app_begin ] --START--
INFO: Run Behavior\ReadHtmlCacheBehavior [ RunTime:0.001811s ]
INFO: [ app_begin ] --END-- [ RunTime:0.002427s ]
SQL: DESCRIBE meizu_user [ RunTime:0.003889s ]
SQL: SELECT * FROM `meizu_user` WHERE `userName` = ''  [ RunTime:0.000605s ]

