[ 2016-03-24T23:57:11+08:00 ] 192.168.129.67 /xiangmu/xiangmu/MeiZu-SunShine/index.php/Home/Shop/city
INFO: [ app_begin ] --START--
INFO: Run Behavior\ReadHtmlCacheBehavior [ RunTime:0.001079s ]
INFO: [ app_begin ] --END-- [ RunTime:0.001662s ]
SQL: DESCRIBE meizu_area [ RunTime:0.081502s ]
SQL: SELECT * FROM `meizu_area` WHERE `upid` = 0  [ RunTime:0.059589s ]

[ 2016-03-24T23:57:31+08:00 ] 192.168.129.67 /xiangmu/xiangmu/MeiZu-SunShine/index.php/Home/Post/demo.html
INFO: [ app_begin ] --START--
INFO: Run Behavior\ReadHtmlCacheBehavior [ RunTime:0.001100s ]
INFO: [ app_begin ] --END-- [ RunTime:0.001672s ]
INFO: [ app_end ] --START--
INFO: Run Behavior\ShowPageTraceBehavior [ RunTime:0.001498s ]
INFO: [ app_end ] --END-- [ RunTime:0.001579s ]

[ 2016-03-24T23:57:44+08:00 ] 192.168.129.67 /xiangmu/xiangmu/MeiZu-SunShine/index.php/Home/Reply/demo.html
INFO: [ app_begin ] --START--
INFO: Run Behavior\ReadHtmlCacheBehavior [ RunTime:0.001021s ]
INFO: [ app_begin ] --END-- [ RunTime:0.001688s ]
INFO: [ app_end ] --START--
INFO: Run Behavior\ShowPageTraceBehavior [ RunTime:0.001112s ]
INFO: [ app_end ] --END-- [ RunTime:0.001170s ]

[ 2016-03-24T23:57:46+08:00 ] 192.168.129.67 /xiangmu/xiangmu/MeiZu-SunShine/index.php/Home/Reply/demo.html
INFO: [ app_begin ] --START--
INFO: Run Behavior\ReadHtmlCacheBehavior [ RunTime:0.001210s ]
INFO: [ app_begin ] --END-- [ RunTime:0.001829s ]
INFO: [ app_end ] --START--
INFO: Run Behavior\ShowPageTraceBehavior [ RunTime:0.000972s ]
INFO: [ app_end ] --END-- [ RunTime:0.001042s ]

[ 2016-03-24T23:57:52+08:00 ] 192.168.129.67 /xiangmu/xiangmu/MeiZu-SunShine/index.php/Home/Reply/demo.html
INFO: [ app_begin ] --START--
INFO: Run Behavior\ReadHtmlCacheBehavior [ RunTime:0.001355s ]
INFO: [ app_begin ] --END-- [ RunTime:0.002241s ]
INFO: [ app_end ] --START--
INFO: Run Behavior\ShowPageTraceBehavior [ RunTime:0.001005s ]
INFO: [ app_end ] --END-- [ RunTime:0.001052s ]

[ 2016-03-24T23:57:59+08:00 ] 192.168.129.67 /xiangmu/xiangmu/MeiZu-SunShine/index.php/Home/Reply/demo.html
INFO: [ app_begin ] --START--
INFO: Run Behavior\ReadHtmlCacheBehavior [ RunTime:0.001497s ]
INFO: [ app_begin ] --END-- [ RunTime:0.002067s ]
INFO: [ app_end ] --START--
INFO: Run Behavior\ShowPageTraceBehavior [ RunTime:0.000973s ]
INFO: [ app_end ] --END-- [ RunTime:0.001020s ]

[ 2016-03-24T23:58:14+08:00 ] 192.168.129.67 /xiangmu/xiangmu/MeiZu-SunShine/index.php/Home/Login/check?userName=sweet
INFO: [ app_begin ] --START--
INFO: Run Behavior\ReadHtmlCacheBehavior [ RunTime:0.001085s ]
INFO: [ app_begin ] --END-- [ RunTime:0.001663s ]
SQL: DESCRIBE meizu_user [ RunTime:0.004213s ]
SQL: SELECT * FROM `meizu_user` WHERE `userName` = 'sweet'  [ RunTime:0.000437s ]

[ 2016-03-24T23:58:21+08:00 ] 192.168.129.67 /xiangmu/xiangmu/MeiZu-SunShine/index.php/Home/Login/check?userName=%E5%88%98%E5%B8%85%E6%89%8D
INFO: [ app_begin ] --START--
INFO: Run Behavior\ReadHtmlCacheBehavior [ RunTime:0.001530s ]
INFO: [ app_begin ] --END-- [ RunTime:0.002233s ]
SQL: DESCRIBE meizu_user [ RunTime:0.004679s ]
SQL: SELECT * FROM `meizu_user` WHERE `userName` = '刘帅才'  [ RunTime:0.000412s ]

[ 2016-03-24T23:58:31+08:00 ] 192.168.129.67 /xiangmu/xiangmu/MeiZu-SunShine/index.php/Home/Shop/city
INFO: [ app_begin ] --START--
INFO: Run Behavior\ReadHtmlCacheBehavior [ RunTime:0.000920s ]
INFO: [ app_begin ] --END-- [ RunTime:0.001438s ]
SQL: DESCRIBE meizu_area [ RunTime:0.004079s ]
SQL: SELECT * FROM `meizu_area` WHERE `upid` = 0  [ RunTime:0.000729s ]

[ 2016-03-24T23:58:44+08:00 ] 192.168.129.67 /xiangmu/xiangmu/MeiZu-SunShine/index.php/Home/Client/check.html?id=6&password=
INFO: [ app_begin ] --START--
INFO: Run Behavior\ReadHtmlCacheBehavior [ RunTime:0.001532s ]
INFO: [ app_begin ] --END-- [ RunTime:0.002364s ]
SQL: DESCRIBE meizu_user [ RunTime:0.004241s ]
SQL: SELECT `password` FROM `meizu_user` WHERE `id` = 6 LIMIT 1   [ RunTime:0.000295s ]
INFO: [ app_end ] --START--
INFO: Run Behavior\ShowPageTraceBehavior [ RunTime:0.001135s ]
INFO: [ app_end ] --END-- [ RunTime:0.001178s ]

[ 2016-03-24T23:58:45+08:00 ] 192.168.129.67 /xiangmu/xiangmu/MeiZu-SunShine/index.php/Home/Client/check.html?id=6&password=
INFO: [ app_begin ] --START--
INFO: Run Behavior\ReadHtmlCacheBehavior [ RunTime:0.001022s ]
INFO: [ app_begin ] --END-- [ RunTime:0.001576s ]
SQL: DESCRIBE meizu_user [ RunTime:0.004253s ]
SQL: SELECT `password` FROM `meizu_user` WHERE `id` = 6 LIMIT 1   [ RunTime:0.000292s ]
INFO: [ app_end ] --START--
INFO: Run Behavior\ShowPageTraceBehavior [ RunTime:0.001187s ]
INFO: [ app_end ] --END-- [ RunTime:0.001244s ]

[ 2016-03-24T23:58:48+08:00 ] 192.168.129.67 /xiangmu/xiangmu/MeiZu-SunShine/index.php/Home/Client/check.html?id=6&password=
INFO: [ app_begin ] --START--
INFO: Run Behavior\ReadHtmlCacheBehavior [ RunTime:0.001816s ]
INFO: [ app_begin ] --END-- [ RunTime:0.003029s ]
SQL: DESCRIBE meizu_user [ RunTime:0.004321s ]
SQL: SELECT `password` FROM `meizu_user` WHERE `id` = 6 LIMIT 1   [ RunTime:0.000290s ]
INFO: [ app_end ] --START--
INFO: Run Behavior\ShowPageTraceBehavior [ RunTime:0.001288s ]
INFO: [ app_end ] --END-- [ RunTime:0.001334s ]

[ 2016-03-24T23:58:49+08:00 ] 192.168.129.67 /xiangmu/xiangmu/MeiZu-SunShine/index.php/Home/Client/demo5.html?id=6
INFO: [ app_begin ] --START--
INFO: Run Behavior\ReadHtmlCacheBehavior [ RunTime:0.001008s ]
INFO: [ app_begin ] --END-- [ RunTime:0.001560s ]
SQL: DESCRIBE meizu_user [ RunTime:0.004349s ]
SQL: SELECT `email` FROM `meizu_user` WHERE ( id=6 ) LIMIT 1   [ RunTime:0.000420s ]

[ 2016-03-24T23:58:55+08:00 ] 192.168.129.67 /xiangmu/xiangmu/MeiZu-SunShine/index.php/Home/Client/check.html?id=6&password=
INFO: [ app_begin ] --START--
INFO: Run Behavior\ReadHtmlCacheBehavior [ RunTime:0.001093s ]
INFO: [ app_begin ] --END-- [ RunTime:0.001624s ]
SQL: DESCRIBE meizu_user [ RunTime:0.004474s ]
SQL: SELECT `password` FROM `meizu_user` WHERE `id` = 6 LIMIT 1   [ RunTime:0.000304s ]
INFO: [ app_end ] --START--
INFO: Run Behavior\ShowPageTraceBehavior [ RunTime:0.001043s ]
INFO: [ app_end ] --END-- [ RunTime:0.001082s ]

[ 2016-03-24T23:58:58+08:00 ] 192.168.129.67 /xiangmu/xiangmu/MeiZu-SunShine/index.php/Home/Client/check.html?id=6&password=
INFO: [ app_begin ] --START--
INFO: Run Behavior\ReadHtmlCacheBehavior [ RunTime:0.001007s ]
INFO: [ app_begin ] --END-- [ RunTime:0.001549s ]
SQL: DESCRIBE meizu_user [ RunTime:0.004426s ]
SQL: SELECT `password` FROM `meizu_user` WHERE `id` = 6 LIMIT 1   [ RunTime:0.000323s ]
INFO: [ app_end ] --START--
INFO: Run Behavior\ShowPageTraceBehavior [ RunTime:0.001153s ]
INFO: [ app_end ] --END-- [ RunTime:0.001200s ]

[ 2016-03-24T23:59:01+08:00 ] 192.168.129.67 /xiangmu/xiangmu/MeiZu-SunShine/index.php/Home/Client/demo4.html?id=6
INFO: [ app_begin ] --START--
INFO: Run Behavior\ReadHtmlCacheBehavior [ RunTime:0.001052s ]
INFO: [ app_begin ] --END-- [ RunTime:0.001720s ]
SQL: DESCRIBE meizu_user [ RunTime:0.004491s ]
SQL: SELECT * FROM `meizu_user` WHERE ( id=6 ) LIMIT 1   [ RunTime:0.000365s ]

